
> attendance-server@0.1.0 dev
> nodemon --watch src --exec ts-node src/index.ts

[33m[nodemon] 3.1.4[39m
[33m[nodemon] to restart at any time, enter `rs`[39m
[33m[nodemon] watching path(s): src/**/*[39m
[33m[nodemon] watching extensions: ts,json[39m
[32m[nodemon] starting `ts-node src/index.ts`[39m
/Users/viv/attendance-system/attendance-system/server/node_modules/ts-node/src/index.ts:859
    return new TSError(diagnosticText, diagnosticCodes, diagnostics);
           ^
TSError: тип Unable to compile TypeScript:
src/routes/dashboard.ts(4498,33): error TS2448: Block-scoped variable 'encodeURIComponent' used before its declaration.
src/routes/dashboard.ts(4670,18): error TS2362: The left-hand side of an arithmetic operation must be of type 'any', 'number', 'bigint' or an enum type.
src/routes/dashboard.ts(4979,31): error TS2304: Cannot find name 'api'.
src/routes/dashboard.ts(4979,35): error TS2304: Cannot find name 'payroll'.
src/routes/dashboard.ts(4979,43): error TS2304: Cannot find name 'payruns'.
src/routes/dashboard.ts(4979,51): error TS2581: Cannot find name '$'. Do you need to install type definitions for jQuery? Try `npm i --save-dev @types/jquery`.
src/routes/dashboard.ts(4979,53): error TS7031: Binding element 'encodeURIComponent' implicitly has an 'any' type.
src/routes/dashboard.ts(4979,79): error TS2304: Cannot find name 'payDate'.
src/routes/dashboard.ts(4979,89): error TS2554: Expected 1 arguments, but got 3.
src/routes/dashboard.ts(4980,17): error TS2304: Cannot find name 'handleAction'.
src/routes/dashboard.ts(4980,30): error TS2304: Cannot find name 'url'.
src/routes/dashboard.ts(4986,47): error TS2345: Argument of type 'HTMLElement' is not assignable to parameter of type 'HTMLFormElement'.
  Type 'HTMLElement' is missing the following properties from type 'HTMLFormElement': acceptCharset, action, autocomplete, elements, and 15 more.
src/routes/dashboard.ts(4989,19): error TS2304: Cannot find name 'showFlash'.
src/routes/dashboard.ts(4993,17): error TS2304: Cannot find name 'handleAction'.
src/routes/dashboard.ts(5000,48): error TS2339: Property 'disabled' does not exist on type 'Element'.
src/routes/dashboard.ts(5001,47): error TS2345: Argument of type 'HTMLElement' is not assignable to parameter of type 'HTMLFormElement'.
src/routes/dashboard.ts(5019,19): error TS2304: Cannot find name 'showFlash'.
src/routes/dashboard.ts(5020,50): error TS2339: Property 'disabled' does not exist on type 'Element'.
src/routes/dashboard.ts(5026,19): error TS7053: Element implicitly has an 'any' type because expression of type 'number' can't be used to index type '{}'.
  No index signature with a parameter of type 'number' was found on type '{}'.
src/routes/dashboard.ts(5050,17): error TS2304: Cannot find name 'handleAction'.
src/routes/dashboard.ts(5059,50): error TS2339: Property 'disabled' does not exist on type 'Element'.
src/routes/dashboard.ts(5066,47): error TS2345: Argument of type 'HTMLElement' is not assignable to parameter of type 'HTMLFormElement'.
src/routes/dashboard.ts(5070,19): error TS2304: Cannot find name 'showFlash'.
src/routes/dashboard.ts(5073,17): error TS2304: Cannot find name 'handleAction'.
src/routes/dashboard.ts(5084,15): error TS2304: Cannot find name 'root'.
src/routes/dashboard.ts(5084,71): error TS7006: Parameter 'button' implicitly has an 'any' type.
src/routes/dashboard.ts(5090,19): error TS2304: Cannot find name 'handleAction'.
src/routes/dashboard.ts(5102,47): error TS2345: Argument of type 'HTMLElement' is not assignable to parameter of type 'HTMLFormElement'.
src/routes/dashboard.ts(5105,19): error TS2304: Cannot find name 'showFlash'.
src/routes/dashboard.ts(5117,21): error TS2304: Cannot find name 'showFlash'.
src/routes/dashboard.ts(5125,21): error TS2304: Cannot find name 'showFlash'.
src/routes/dashboard.ts(5129,27): error TS7006: Parameter 'fact' implicitly has an 'any' type.
src/routes/dashboard.ts(5130,40): error TS2304: Cannot find name 'formatHoursLabel'.
src/routes/dashboard.ts(5131,38): error TS2304: Cannot find name 'formatHoursLabel'.
src/routes/dashboard.ts(5132,35): error TS2304: Cannot find name 'formatHoursLabel'.
src/routes/dashboard.ts(5133,38): error TS2304: Cannot find name 'formatHoursLabel'.
src/routes/dashboard.ts(5134,38): error TS2304: Cannot find name 'formatHoursLabel'.
src/routes/dashboard.ts(5166,19): error TS2304: Cannot find name 'showFlash'.
src/routes/dashboard.ts(5168,19): error TS2304: Cannot find name 'showFlash'.
src/routes/dashboard.ts(5176,47): error TS2345: Argument of type 'HTMLElement' is not assignable to parameter of type 'HTMLFormElement'.
src/routes/dashboard.ts(5179,19): error TS2304: Cannot find name 'showFlash'.
src/routes/dashboard.ts(5192,21): error TS2304: Cannot find name 'showFlash'.
src/routes/dashboard.ts(5200,21): error TS2304: Cannot find name 'showFlash'.
src/routes/dashboard.ts(5209,27): error TS7006: Parameter 'bonus' implicitly has an 'any' type.
src/routes/dashboard.ts(5210,38): error TS2304: Cannot find name 'formatCurrencyClient'.
src/routes/dashboard.ts(5211,63): error TS2304: Cannot find name 'formatCurrencyClient'.
src/routes/dashboard.ts(5214,154): error TS2304: Cannot find name 'normalizeNumber'.
src/routes/dashboard.ts(5220,31): error TS7053: Element implicitly has an 'any' type because expression of type 'any' can't be used to index type '{ monthly_attendance: string; quarterly_attendance: string; kpi: string; }'.
src/routes/dashboard.ts(5246,19): error TS2304: Cannot find name 'showFlash'.
src/routes/dashboard.ts(5248,19): error TS2304: Cannot find name 'showFlash'.
src/routes/dashboard.ts(5266,29): error TS2339: Property 'finalAmount' does not exist on type '{ status: string; }'.
src/routes/dashboard.ts(5269,29): error TS2339: Property 'notes' does not exist on type '{ status: string; }'.
src/routes/dashboard.ts(5271,19): error TS2304: Cannot find name 'handleAction'.
src/routes/dashboard.ts(5290,29): error TS2339: Property 'notes' does not exist on type '{ status: string; }'.
src/routes/dashboard.ts(5292,19): error TS2304: Cannot find name 'handleAction'.
src/routes/dashboard.ts(5309,15): error TS2304: Cannot find name 'root'.
src/routes/dashboard.ts(5309,71): error TS7006: Parameter 'button' implicitly has an 'any' type.
src/routes/dashboard.ts(5313,19): error TS2304: Cannot find name 'handleAction'.
src/routes/dashboard.ts(5317,15): error TS2304: Cannot find name 'root'.
src/routes/dashboard.ts(5317,72): error TS7006: Parameter 'button' implicitly has an 'any' type.
src/routes/dashboard.ts(5322,19): error TS2304: Cannot find name 'handleAction'.
src/routes/dashboard.ts(5326,15): error TS2304: Cannot find name 'root'.
src/routes/dashboard.ts(5326,68): error TS7006: Parameter 'button' implicitly has an 'any' type.
src/routes/dashboard.ts(5331,19): error TS2304: Cannot find name 'handleAction'.
src/routes/dashboard.ts(5337,8): error TS2349: This expression is not callable.
  Type 'RegExp' has no call signatures.
src/routes/dashboard.ts(5396,43): error TS2304: Cannot find name 'attachment'.
src/routes/dashboard.ts(5396,55): error TS2552: Cannot find name 'filename'. Did you mean '__filename'?
src/routes/dashboard.ts(5396,64): error TS2349: This expression is not callable.
  Type 'String' has no call signatures.
src/routes/dashboard.ts(5423,6): error TS2304: Cannot find name 'div'.
src/routes/dashboard.ts(5424,8): error TS2304: Cannot find name 'div'.
src/routes/dashboard.ts(5425,10): error TS2304: Cannot find name 'div'.
src/routes/dashboard.ts(5425,36): error TS2304: Cannot find name 'PTO'.
src/routes/dashboard.ts(5425,40): error TS2304: Cannot find name 'Remaining'.
src/routes/dashboard.ts(5426,10): error TS2304: Cannot find name 'div'.
src/routes/dashboard.ts(5426,36): error TS2581: Cannot find name '$'. Do you need to install type definitions for jQuery? Try `npm i --save-dev @types/jquery`.
src/routes/dashboard.ts(5426,61): error TS2304: Cannot find name 'summary'.
src/routes/dashboard.ts(5426,76): error TS2304: Cannot find name 'h'.
src/routes/dashboard.ts(5427,10): error TS2304: Cannot find name 'div'.
src/routes/dashboard.ts(5427,35): error TS2304: Cannot find name 'Base'.
src/routes/dashboard.ts(5427,40): error TS2581: Cannot find name '$'. Do you need to install type definitions for jQuery? Try `npm i --save-dev @types/jquery`.
src/routes/dashboard.ts(5427,65): error TS2304: Cannot find name 'summary'.
src/routes/dashboard.ts(5427,84): error TS2304: Cannot find name 'h'.
src/routes/dashboard.ts(5427,84): error TS2365: Operator '<' cannot be applied to types 'boolean' and 'RegExp'.
src/routes/dashboard.ts(5429,8): error TS2304: Cannot find name 'div'.
src/routes/dashboard.ts(5430,10): error TS2304: Cannot find name 'div'.
src/routes/dashboard.ts(5430,20): error TS2365: Operator '>' cannot be applied to types 'string' and 'number'.
src/routes/dashboard.ts(5430,36): error TS2304: Cannot find name 'Non'.
src/routes/dashboard.ts(5430,40): error TS2304: Cannot find name 'PTO'.
src/routes/dashboard.ts(5430,44): error TS2304: Cannot find name 'Remaining'.
src/routes/dashboard.ts(5431,10): error TS2304: Cannot find name 'div'.
src/routes/dashboard.ts(5431,36): error TS2581: Cannot find name '$'. Do you need to install type definitions for jQuery? Try `npm i --save-dev @types/jquery`.
src/routes/dashboard.ts(5431,61): error TS2304: Cannot find name 'summary'.
src/routes/dashboard.ts(5431,79): error TS2304: Cannot find name 'h'.
src/routes/dashboard.ts(5432,10): error TS2304: Cannot find name 'div'.
src/routes/dashboard.ts(5432,35): error TS2304: Cannot find name 'Base'.
src/routes/dashboard.ts(5432,40): error TS2581: Cannot find name '$'. Do you need to install type definitions for jQuery? Try `npm i --save-dev @types/jquery`.
src/routes/dashboard.ts(5432,65): error TS2304: Cannot find name 'summary'.
src/routes/dashboard.ts(5432,87): error TS2304: Cannot find name 'h'.
src/routes/dashboard.ts(5432,87): error TS2365: Operator '<' cannot be applied to types 'boolean' and 'RegExp'.
src/routes/dashboard.ts(5434,8): error TS2304: Cannot find name 'div'.
src/routes/dashboard.ts(5435,10): error TS2304: Cannot find name 'div'.
src/routes/dashboard.ts(5435,20): error TS2365: Operator '>' cannot be applied to types 'string' and 'number'.
src/routes/dashboard.ts(5435,36): error TS2304: Cannot find name 'Make'.
src/routes/dashboard.ts(5435,41): error TS2304: Cannot find name 'Up'.
src/routes/dashboard.ts(5435,44): error TS2304: Cannot find name 'Earned'.
src/routes/dashboard.ts(5436,10): error TS2304: Cannot find name 'div'.
src/routes/dashboard.ts(5436,36): error TS2581: Cannot find name '$'. Do you need to install type definitions for jQuery? Try `npm i --save-dev @types/jquery`.
src/routes/dashboard.ts(5436,61): error TS2304: Cannot find name 'summary'.
src/routes/dashboard.ts(5436,79): error TS2304: Cannot find name 'h'.
src/routes/dashboard.ts(5437,10): error TS2304: Cannot find name 'div'.
src/routes/dashboard.ts(5437,35): error TS2304: Cannot find name 'Base'.
src/routes/dashboard.ts(5437,40): error TS2581: Cannot find name '$'. Do you need to install type definitions for jQuery? Try `npm i --save-dev @types/jquery`.
src/routes/dashboard.ts(5437,65): error TS2304: Cannot find name 'summary'.
src/routes/dashboard.ts(5437,87): error TS2304: Cannot find name 'h'.
src/routes/dashboard.ts(5437,87): error TS2365: Operator '<' cannot be applied to types 'boolean' and 'RegExp'.
src/routes/dashboard.ts(5439,8): error TS2304: Cannot find name 'div'.
src/routes/dashboard.ts(5440,10): error TS2304: Cannot find name 'div'.
src/routes/dashboard.ts(5440,36): error TS2304: Cannot find name 'Last'.
src/routes/dashboard.ts(5440,41): error TS2304: Cannot find name 'Updated'.
src/routes/dashboard.ts(5441,10): error TS2304: Cannot find name 'div'.
src/routes/dashboard.ts(5441,36): error TS2581: Cannot find name '$'. Do you need to install type definitions for jQuery? Try `npm i --save-dev @types/jquery`.
src/routes/dashboard.ts(5441,38): error TS2304: Cannot find name 'summary'.
src/routes/dashboard.ts(5441,84): error TS2304: Cannot find name 'summary'.
src/routes/dashboard.ts(5442,10): error TS2304: Cannot find name 'div'.
src/routes/dashboard.ts(5442,35): error TS2304: Cannot find name 'Balance'.
src/routes/dashboard.ts(5442,43): error TS2304: Cannot find name 'recalculates'.
src/routes/dashboard.ts(5442,56): error TS2304: Cannot find name 'after'.
src/routes/dashboard.ts(5442,62): error TS2304: Cannot find name 'approvals'.
src/routes/dashboard.ts(5442,62): error TS2365: Operator '<' cannot be applied to types 'boolean' and 'RegExp'.
src/routes/dashboard.ts(5444,6): error TS2349: This expression is not callable.
  Type 'RegExp' has no call signatures.
src/routes/dashboard.ts(5451,27): error TS2304: Cannot find name 'span'.
src/routes/dashboard.ts(5451,68): error TS2581: Cannot find name '$'. Do you need to install type definitions for jQuery? Try `npm i --save-dev @types/jquery`.
src/routes/dashboard.ts(5451,81): error TS2304: Cannot find name 'typeLabel'.
src/routes/dashboard.ts(5452,62): error TS2304: Cannot find name 'request'.
src/routes/dashboard.ts(5452,92): error TS2304: Cannot find name 'statusLabel'.
src/routes/dashboard.ts(5453,45): error TS2304: Cannot find name 'request'.
src/routes/dashboard.ts(5453,85): error TS2304: Cannot find name 'request'.
src/routes/dashboard.ts(5454,29): error TS2304: Cannot find name 'request'.
src/routes/dashboard.ts(5455,25): error TS2304: Cannot find name 'request'.
src/routes/dashboard.ts(5455,79): error TS2304: Cannot find name 'request'.
src/routes/dashboard.ts(5458,9): error TS2304: Cannot find name 'request'.
src/routes/dashboard.ts(5460,64): error TS2304: Cannot find name 'request'.
src/routes/dashboard.ts(5463,64): error TS2304: Cannot find name 'request'.
src/routes/dashboard.ts(5479,6): error TS2304: Cannot find name 'join'.
src/routes/dashboard.ts(5486,29): error TS2304: Cannot find name 'user'.
src/routes/dashboard.ts(5492,26): error TS2304: Cannot find name 'user'.
src/routes/dashboard.ts(5493,40): error TS2304: Cannot find name 'user'.
src/routes/dashboard.ts(5494,11): error TS2304: Cannot find name 'summaryCards'.
src/routes/dashboard.ts(5498,57): error TS2304: Cannot find name 'userId'.
src/routes/dashboard.ts(5504,29): error TS2304: Cannot find name 'requests'.
src/routes/dashboard.ts(5504,95): error TS2304: Cannot find name 'requests'.
src/routes/dashboard.ts(5504,114): error TS2304: Cannot find name 'requests'.
src/routes/dashboard.ts(5506,11): error TS2304: Cannot find name 'requests'.
src/routes/dashboard.ts(5522,23): error TS2304: Cannot find name 'requestRows'.
src/routes/dashboard.ts(5532,3): error TS2304: Cannot find name 'res'.
src/routes/dashboard.ts(4979,52): error TS1005: ',' expected.
src/routes/dashboard.ts(4979,71): error TS1005: ',' expected.
src/routes/dashboard.ts(4979,89): error TS1005: ',' expected.
src/routes/dashboard.ts(4979,90): error TS1161: Unterminated regular expression literal.
src/routes/dashboard.ts(4980,17): error TS1005: ',' expected.
src/routes/dashboard.ts(4980,71): error TS1005: ')' expected.
src/routes/dashboard.ts(4981,15): error TS1128: Declaration or statement expected.
src/routes/dashboard.ts(4981,16): error TS1128: Declaration or statement expected.
src/routes/dashboard.ts(5334,13): error TS1128: Declaration or statement expected.
src/routes/dashboard.ts(5334,14): error TS1128: Declaration or statement expected.
src/routes/dashboard.ts(5334,16): error TS1109: Expression expected.
src/routes/dashboard.ts(5335,12): error TS1110: Type expected.
src/routes/dashboard.ts(5335,13): error TS1161: Unterminated regular expression literal.
src/routes/dashboard.ts(5336,11): error TS1161: Unterminated regular expression literal.
src/routes/dashboard.ts(5337,9): error TS1161: Unterminated regular expression literal.
src/routes/dashboard.ts(5396,43): error TS1005: ';' expected.
src/routes/dashboard.ts(5423,10): error TS1005: ';' expected.
src/routes/dashboard.ts(5423,15): error TS1005: '{' expected.
src/routes/dashboard.ts(5424,12): error TS1005: '>' expected.
src/routes/dashboard.ts(5424,17): error TS1005: '{' expected.
src/routes/dashboard.ts(5425,14): error TS1005: '>' expected.
src/routes/dashboard.ts(5425,19): error TS1005: '{' expected.
src/routes/dashboard.ts(5425,40): error TS1005: ';' expected.
src/routes/dashboard.ts(5425,51): error TS1161: Unterminated regular expression literal.
src/routes/dashboard.ts(5426,14): error TS1005: ';' expected.
src/routes/dashboard.ts(5426,19): error TS1005: '{' expected.
src/routes/dashboard.ts(5426,37): error TS1005: ';' expected.
src/routes/dashboard.ts(5426,79): error TS1161: Unterminated regular expression literal.
src/routes/dashboard.ts(5427,14): error TS1005: ';' expected.
src/routes/dashboard.ts(5427,19): error TS1005: '{' expected.
src/routes/dashboard.ts(5427,40): error TS1005: ';' expected.
src/routes/dashboard.ts(5427,87): error TS1161: Unterminated regular expression literal.
src/routes/dashboard.ts(5428,9): error TS1161: Unterminated regular expression literal.
src/routes/dashboard.ts(5429,12): error TS1005: ';' expected.
src/routes/dashboard.ts(5429,17): error TS1005: '{' expected.
src/routes/dashboard.ts(5430,14): error TS1005: '>' expected.
src/routes/dashboard.ts(5430,19): error TS1005: '{' expected.
src/routes/dashboard.ts(5430,44): error TS1005: ';' expected.
src/routes/dashboard.ts(5430,55): error TS1161: Unterminated regular expression literal.
src/routes/dashboard.ts(5431,14): error TS1005: ';' expected.
src/routes/dashboard.ts(5431,19): error TS1005: '{' expected.
src/routes/dashboard.ts(5431,37): error TS1005: ';' expected.
src/routes/dashboard.ts(5431,82): error TS1161: Unterminated regular expression literal.
src/routes/dashboard.ts(5432,14): error TS1005: ';' expected.
src/routes/dashboard.ts(5432,19): error TS1005: '{' expected.
src/routes/dashboard.ts(5432,40): error TS1005: ';' expected.
src/routes/dashboard.ts(5432,90): error TS1161: Unterminated regular expression literal.
src/routes/dashboard.ts(5433,9): error TS1161: Unterminated regular expression literal.
src/routes/dashboard.ts(5434,12): error TS1005: ';' expected.
src/routes/dashboard.ts(5434,17): error TS1005: '{' expected.
src/routes/dashboard.ts(5435,14): error TS1005: '>' expected.
src/routes/dashboard.ts(5435,19): error TS1005: '{' expected.
src/routes/dashboard.ts(5435,44): error TS1005: ';' expected.
src/routes/dashboard.ts(5435,52): error TS1161: Unterminated regular expression literal.
src/routes/dashboard.ts(5436,14): error TS1005: ';' expected.
src/routes/dashboard.ts(5436,19): error TS1005: '{' expected.
src/routes/dashboard.ts(5436,37): error TS1005: ';' expected.
src/routes/dashboard.ts(5436,82): error TS1161: Unterminated regular expression literal.
src/routes/dashboard.ts(5437,14): error TS1005: ';' expected.
src/routes/dashboard.ts(5437,19): error TS1005: '{' expected.
src/routes/dashboard.ts(5437,40): error TS1005: ';' expected.
src/routes/dashboard.ts(5437,90): error TS1161: Unterminated regular expression literal.
src/routes/dashboard.ts(5438,9): error TS1161: Unterminated regular expression literal.
src/routes/dashboard.ts(5439,12): error TS1005: ';' expected.
src/routes/dashboard.ts(5439,17): error TS1005: '{' expected.
src/routes/dashboard.ts(5440,14): error TS1005: '>' expected.
src/routes/dashboard.ts(5440,19): error TS1005: '{' expected.
src/routes/dashboard.ts(5440,41): error TS1005: ';' expected.
src/routes/dashboard.ts(5440,50): error TS1161: Unterminated regular expression literal.
src/routes/dashboard.ts(5441,14): error TS1005: ';' expected.
src/routes/dashboard.ts(5441,19): error TS1005: '{' expected.
src/routes/dashboard.ts(5441,37): error TS1005: ';' expected.
src/routes/dashboard.ts(5441,111): error TS1110: Type expected.
src/routes/dashboard.ts(5441,112): error TS1161: Unterminated regular expression literal.
src/routes/dashboard.ts(5442,14): error TS1005: ';' expected.
src/routes/dashboard.ts(5442,19): error TS1005: '{' expected.
src/routes/dashboard.ts(5442,43): error TS1005: ';' expected.
src/routes/dashboard.ts(5442,56): error TS1434: Unexpected keyword or identifier.
src/routes/dashboard.ts(5442,72): error TS1003: Identifier expected.
src/routes/dashboard.ts(5442,74): error TS1161: Unterminated regular expression literal.
src/routes/dashboard.ts(5443,9): error TS1161: Unterminated regular expression literal.
src/routes/dashboard.ts(5444,7): error TS1161: Unterminated regular expression literal.
src/routes/dashboard.ts(5451,32): error TS1005: ';' expected.
src/routes/dashboard.ts(5451,37): error TS1005: '{' expected.
src/routes/dashboard.ts(5451,69): error TS1005: ';' expected.
src/routes/dashboard.ts(5451,93): error TS1110: Type expected.
src/routes/dashboard.ts(5451,94): error TS1161: Unterminated regular expression literal.
src/routes/dashboard.ts(5478,5): error TS1128: Declaration or statement expected.
src/routes/dashboard.ts(5478,6): error TS1128: Declaration or statement expected.
src/routes/dashboard.ts(5479,5): error TS1128: Declaration or statement expected.
src/routes/dashboard.ts(5533,1): error TS1128: Declaration or statement expected.
src/routes/dashboard.ts(5533,2): error TS1128: Declaration or statement expected.

    at createTSError (/Users/viv/attendance-system/attendance-system/server/node_modules/ts-node/src/index.ts:859:12)
    at reportTSError (/Users/viv/attendance-system/attendance-system/server/node_modules/ts-node/src/index.ts:863:19)
    at getOutput (/Users/viv/attendance-system/attendance-system/server/node_modules/ts-node/src/index.ts:1077:36)
    at Object.compile (/Users/viv/attendance-system/attendance-system/server/node_modules/ts-node/src/index.ts:1433:41)
    at Module.m._compile (/Users/viv/attendance-system/attendance-system/server/node_modules/ts-node/src/index.ts:1617:30)
    at node:internal/modules/cjs/loader:1839:10
    at Object.require.extensions.<computed> [as .ts] (/Users/viv/attendance-system/attendance-system/server/node_modules/ts-node/src/index.ts:1621:12)
    at Module.load (node:internal/modules/cjs/loader:1441:32)
    at Function._load (node:internal/modules/cjs/loader:1263:12)
    at TracingChannel.traceSync (node:diagnostics_channel:322:14) {
  diagnosticCodes: [
    2448, 2362, 2304, 2304, 2304, 2581, 7031, 2304, 2554, 2304,
    2304, 2345, 2304, 2304, 2339, 2345, 2304, 2339, 7053, 2304,
    2339, 2345, 2304, 2304, 2304, 7006, 2304, 2345, 2304, 2304,
    2304, 7006, 2304, 2304, 2304, 2304, 2304, 2304, 2304, 2345,
    2304, 2304, 2304, 7006, 2304, 2304, 2304, 7053, 2304, 2304,
    2339, 2339, 2304, 2339, 2304, 2304, 7006, 2304, 2304, 7006,
    2304, 2304, 7006, 2304, 2349, 2304, 2552, 2349, 2304, 2304,
    2304, 2304, 2304, 2304, 2581, 2304, 2304, 2304, 2304, 2581,
    2304, 2304, 2365, 2304, 2304, 2365, 2304, 2304, 2304, 2304,
    2581, 2304, 2304, 2304, 2304, 2581, 2304, 2304, 2365, 2304,
    ... 147 more items
  ]
}
[31m[nodemon] app crashed - waiting for file changes before starting...[39m
[32m[nodemon] restarting due to changes...[39m
[32m[nodemon] starting `ts-node src/index.ts`[39m
{"level":30,"time":1759205873807,"pid":80555,"hostname":"Viviannes-MacBook-Air.local","msg":"Skipping sqlite backups: DATABASE_URL is not a file: path"}
{"level":30,"time":1759205873811,"pid":80555,"hostname":"Viviannes-MacBook-Air.local","msg":"Server listening on port 4000"}
[32m[nodemon] restarting due to changes...[39m
[32m[nodemon] starting `ts-node src/index.ts`[39m
{"level":30,"time":1759205934259,"pid":80781,"hostname":"Viviannes-MacBook-Air.local","msg":"Skipping sqlite backups: DATABASE_URL is not a file: path"}
{"level":30,"time":1759205934260,"pid":80781,"hostname":"Viviannes-MacBook-Air.local","msg":"Server listening on port 4000"}
[32m[nodemon] restarting due to changes...[39m
[32m[nodemon] starting `ts-node src/index.ts`[39m
/Users/viv/attendance-system/attendance-system/server/node_modules/ts-node/src/index.ts:859
    return new TSError(diagnosticText, diagnosticCodes, diagnostics);
           ^
TSError: тип Unable to compile TypeScript:
src/routes/dashboard.ts(4712,15): error TS2304: Cannot find name 'flashHtml'.

    at createTSError (/Users/viv/attendance-system/attendance-system/server/node_modules/ts-node/src/index.ts:859:12)
    at reportTSError (/Users/viv/attendance-system/attendance-system/server/node_modules/ts-node/src/index.ts:863:19)
    at getOutput (/Users/viv/attendance-system/attendance-system/server/node_modules/ts-node/src/index.ts:1077:36)
    at Object.compile (/Users/viv/attendance-system/attendance-system/server/node_modules/ts-node/src/index.ts:1433:41)
    at Module.m._compile (/Users/viv/attendance-system/attendance-system/server/node_modules/ts-node/src/index.ts:1617:30)
    at node:internal/modules/cjs/loader:1839:10
    at Object.require.extensions.<computed> [as .ts] (/Users/viv/attendance-system/attendance-system/server/node_modules/ts-node/src/index.ts:1621:12)
    at Module.load (node:internal/modules/cjs/loader:1441:32)
    at Function._load (node:internal/modules/cjs/loader:1263:12)
    at TracingChannel.traceSync (node:diagnostics_channel:322:14) {
  diagnosticCodes: [ 2304 ]
}
[31m[nodemon] app crashed - waiting for file changes before starting...[39m
[32m[nodemon] restarting due to changes...[39m
[32m[nodemon] starting `ts-node src/index.ts`[39m
{"level":30,"time":1759205960731,"pid":80894,"hostname":"Viviannes-MacBook-Air.local","msg":"Skipping sqlite backups: DATABASE_URL is not a file: path"}
{"level":30,"time":1759205960733,"pid":80894,"hostname":"Viviannes-MacBook-Air.local","msg":"Server listening on port 4000"}
[32m[nodemon] restarting due to changes...[39m
[32m[nodemon] starting `ts-node src/index.ts`[39m
{"level":30,"time":1759206023107,"pid":81068,"hostname":"Viviannes-MacBook-Air.local","msg":"Skipping sqlite backups: DATABASE_URL is not a file: path"}
{"level":30,"time":1759206023108,"pid":81068,"hostname":"Viviannes-MacBook-Air.local","msg":"Server listening on port 4000"}
[32m[nodemon] restarting due to changes...[39m
[32m[nodemon] starting `ts-node src/index.ts`[39m
{"level":30,"time":1759206043707,"pid":81172,"hostname":"Viviannes-MacBook-Air.local","msg":"Skipping sqlite backups: DATABASE_URL is not a file: path"}
{"level":30,"time":1759206043709,"pid":81172,"hostname":"Viviannes-MacBook-Air.local","msg":"Server listening on port 4000"}
[32m[nodemon] restarting due to changes...[39m
[32m[nodemon] starting `ts-node src/index.ts`[39m
{"level":30,"time":1759206063848,"pid":81281,"hostname":"Viviannes-MacBook-Air.local","msg":"Skipping sqlite backups: DATABASE_URL is not a file: path"}
{"level":30,"time":1759206063850,"pid":81281,"hostname":"Viviannes-MacBook-Air.local","msg":"Server listening on port 4000"}
[32m[nodemon] restarting due to changes...[39m
[32m[nodemon] starting `ts-node src/index.ts`[39m
{"level":30,"time":1759207601459,"pid":83815,"hostname":"Viviannes-MacBook-Air.local","msg":"Skipping sqlite backups: DATABASE_URL is not a file: path"}
{"level":30,"time":1759207601462,"pid":83815,"hostname":"Viviannes-MacBook-Air.local","msg":"Server listening on port 4000"}
[32m[nodemon] restarting due to changes...[39m
[32m[nodemon] starting `ts-node src/index.ts`[39m
{"level":30,"time":1759207624000,"pid":83913,"hostname":"Viviannes-MacBook-Air.local","msg":"Skipping sqlite backups: DATABASE_URL is not a file: path"}
{"level":30,"time":1759207624004,"pid":83913,"hostname":"Viviannes-MacBook-Air.local","msg":"Server listening on port 4000"}
[32m[nodemon] restarting due to changes...[39m
[32m[nodemon] starting `ts-node src/index.ts`[39m
{"level":30,"time":1759207651252,"pid":84035,"hostname":"Viviannes-MacBook-Air.local","msg":"Skipping sqlite backups: DATABASE_URL is not a file: path"}
{"level":30,"time":1759207651254,"pid":84035,"hostname":"Viviannes-MacBook-Air.local","msg":"Server listening on port 4000"}
[32m[nodemon] restarting due to changes...[39m
[32m[nodemon] starting `ts-node src/index.ts`[39m
{"level":30,"time":1759207675260,"pid":84106,"hostname":"Viviannes-MacBook-Air.local","msg":"Skipping sqlite backups: DATABASE_URL is not a file: path"}
{"level":30,"time":1759207675262,"pid":84106,"hostname":"Viviannes-MacBook-Air.local","msg":"Server listening on port 4000"}
[32m[nodemon] restarting due to changes...[39m
[32m[nodemon] starting `ts-node src/index.ts`[39m
{"level":30,"time":1759207695261,"pid":84197,"hostname":"Viviannes-MacBook-Air.local","msg":"Skipping sqlite backups: DATABASE_URL is not a file: path"}
{"level":30,"time":1759207695263,"pid":84197,"hostname":"Viviannes-MacBook-Air.local","msg":"Server listening on port 4000"}
[32m[nodemon] restarting due to changes...[39m
[32m[nodemon] starting `ts-node src/index.ts`[39m
{"level":30,"time":1759207745555,"pid":84363,"hostname":"Viviannes-MacBook-Air.local","msg":"Skipping sqlite backups: DATABASE_URL is not a file: path"}
{"level":30,"time":1759207745556,"pid":84363,"hostname":"Viviannes-MacBook-Air.local","msg":"Server listening on port 4000"}
[32m[nodemon] restarting due to changes...[39m
[32m[nodemon] starting `ts-node src/index.ts`[39m
{"level":30,"time":1759207779346,"pid":84490,"hostname":"Viviannes-MacBook-Air.local","msg":"Skipping sqlite backups: DATABASE_URL is not a file: path"}
{"level":30,"time":1759207779347,"pid":84490,"hostname":"Viviannes-MacBook-Air.local","msg":"Server listening on port 4000"}
[32m[nodemon] restarting due to changes...[39m
[32m[nodemon] starting `ts-node src/index.ts`[39m
{"level":30,"time":1759207785801,"pid":84553,"hostname":"Viviannes-MacBook-Air.local","msg":"Skipping sqlite backups: DATABASE_URL is not a file: path"}
{"level":30,"time":1759207785803,"pid":84553,"hostname":"Viviannes-MacBook-Air.local","msg":"Server listening on port 4000"}
[32m[nodemon] restarting due to changes...[39m
[32m[nodemon] starting `ts-node src/index.ts`[39m
/Users/viv/attendance-system/attendance-system/server/node_modules/ts-node/src/index.ts:859
    return new TSError(diagnosticText, diagnosticCodes, diagnostics);
           ^
TSError: тип Unable to compile TypeScript:
src/routes/dashboard.ts(4544,5): error TS2552: Cannot find name 'listEmployeeConfigs'. Did you mean 'upsertEmployeeConfig'?
src/routes/dashboard.ts(4545,5): error TS2552: Cannot find name 'listHolidays'. Did you mean 'holidays'?
src/routes/dashboard.ts(4556,49): error TS7006: Parameter 'employee' implicitly has an 'any' type.
src/routes/dashboard.ts(4561,46): error TS2304: Cannot find name 'EmployeeCompSnapshot'.
src/routes/dashboard.ts(4571,20): error TS2339: Property 'name' does not exist on type '{}'.
src/routes/dashboard.ts(4571,53): error TS2339: Property 'name' does not exist on type '{}'.
src/routes/dashboard.ts(4590,11): error TS7006: Parameter 'period' implicitly has an 'any' type.
src/routes/dashboard.ts(4722,36): error TS2339: Property 'name' does not exist on type '{}'.
src/routes/dashboard.ts(4723,54): error TS2339: Property 'email' does not exist on type '{}'.
src/routes/dashboard.ts(4766,11): error TS7006: Parameter 'holiday' implicitly has an 'any' type.
src/routes/dashboard.ts(4807,23): error TS7006: Parameter 'employee' implicitly has an 'any' type.
src/routes/dashboard.ts(4861,40): error TS2339: Property 'name' does not exist on type '{}'.
src/routes/dashboard.ts(4862,58): error TS2339: Property 'email' does not exist on type '{}'.
src/routes/dashboard.ts(5623,18): error TS2304: Cannot find name 'div'.
src/routes/dashboard.ts(5623,28): error TS2365: Operator '<' cannot be applied to types 'boolean' and 'RegExp'.
src/routes/dashboard.ts(5624,20): error TS2304: Cannot find name 'h3'.
src/routes/dashboard.ts(5624,23): error TS2304: Cannot find name 'Summary'.
src/routes/dashboard.ts(5625,20): error TS2304: Cannot find name 'div'.
src/routes/dashboard.ts(5625,30): error TS2365: Operator '<' cannot be applied to types 'boolean' and 'RegExp'.
src/routes/dashboard.ts(5625,30): error TS2365: Operator '<' cannot be applied to types 'boolean' and 'RegExp'.
src/routes/dashboard.ts(5625,30): error TS2365: Operator '<' cannot be applied to types 'boolean' and 'RegExp'.
src/routes/dashboard.ts(5625,30): error TS2365: Operator '<' cannot be applied to types 'boolean' and 'RegExp'.
src/routes/dashboard.ts(5625,30): error TS2365: Operator '<' cannot be applied to types 'boolean' and 'RegExp'.
src/routes/dashboard.ts(5625,30): error TS2365: Operator '<' cannot be applied to types 'boolean' and 'RegExp'.
src/routes/dashboard.ts(5625,30): error TS2365: Operator '<' cannot be applied to types 'boolean' and 'RegExp'.
src/routes/dashboard.ts(5625,30): error TS2365: Operator '<' cannot be applied to types 'boolean' and 'RegExp'.
src/routes/dashboard.ts(5625,30): error TS2365: Operator '<' cannot be applied to types 'boolean' and 'RegExp'.
src/routes/dashboard.ts(5626,22): error TS2304: Cannot find name 'dl'.
src/routes/dashboard.ts(5626,26): error TS2304: Cannot find name 'dt'.
src/routes/dashboard.ts(5626,29): error TS2304: Cannot find name 'Period'.
src/routes/dashboard.ts(5627,22): error TS2304: Cannot find name 'dl'.
src/routes/dashboard.ts(5627,26): error TS2304: Cannot find name 'dt'.
src/routes/dashboard.ts(5627,29): error TS2304: Cannot find name 'Computed'.
src/routes/dashboard.ts(5628,22): error TS2304: Cannot find name 'dl'.
src/routes/dashboard.ts(5628,26): error TS2304: Cannot find name 'dt'.
src/routes/dashboard.ts(5628,29): error TS2304: Cannot find name 'Base'.
src/routes/dashboard.ts(5629,22): error TS2304: Cannot find name 'dl'.
src/routes/dashboard.ts(5629,26): error TS2304: Cannot find name 'dt'.
src/routes/dashboard.ts(5629,29): error TS2304: Cannot find name 'Monthly'.
src/routes/dashboard.ts(5630,22): error TS2304: Cannot find name 'dl'.
src/routes/dashboard.ts(5630,26): error TS2304: Cannot find name 'dt'.
src/routes/dashboard.ts(5630,29): error TS2304: Cannot find name 'Deferred'.
src/routes/dashboard.ts(5631,22): error TS2304: Cannot find name 'dl'.
src/routes/dashboard.ts(5631,26): error TS2304: Cannot find name 'dt'.
src/routes/dashboard.ts(5631,29): error TS2304: Cannot find name 'Quarterly'.
src/routes/dashboard.ts(5632,22): error TS2304: Cannot find name 'dl'.
src/routes/dashboard.ts(5632,26): error TS2304: Cannot find name 'dt'.
src/routes/dashboard.ts(5632,29): error TS2304: Cannot find name 'KPI'.
src/routes/dashboard.ts(5633,22): error TS2304: Cannot find name 'dl'.
src/routes/dashboard.ts(5633,26): error TS2304: Cannot find name 'dt'.
src/routes/dashboard.ts(5633,29): error TS2304: Cannot find name 'Total'.
src/routes/dashboard.ts(5635,18): error TS2349: This expression is not callable.
  Type 'RegExp' has no call signatures.
src/routes/dashboard.ts(5643,22): error TS2304: Cannot find name 'tr'.
src/routes/dashboard.ts(5644,24): error TS2304: Cannot find name 'td'.
src/routes/dashboard.ts(5644,27): error TS2581: Cannot find name '$'. Do you need to install type definitions for jQuery? Try `npm i --save-dev @types/jquery`.
src/routes/dashboard.ts(5644,29): error TS2304: Cannot find name 'employee'.
src/routes/dashboard.ts(5644,39): error TS2304: Cannot find name 'div'.
src/routes/dashboard.ts(5644,56): error TS2581: Cannot find name '$'. Do you need to install type definitions for jQuery? Try `npm i --save-dev @types/jquery`.
src/routes/dashboard.ts(5644,58): error TS2304: Cannot find name 'email'.
src/routes/dashboard.ts(5645,24): error TS2304: Cannot find name 'td'.
src/routes/dashboard.ts(5645,27): error TS2581: Cannot find name '$'. Do you need to install type definitions for jQuery? Try `npm i --save-dev @types/jquery`.
src/routes/dashboard.ts(5645,29): error TS2552: Cannot find name 'formatCurrencyLocal'. Did you mean 'formatCurrency'?
src/routes/dashboard.ts(5645,49): error TS2304: Cannot find name 'line'.
src/routes/dashboard.ts(5646,24): error TS2304: Cannot find name 'td'.
src/routes/dashboard.ts(5646,27): error TS2581: Cannot find name '$'. Do you need to install type definitions for jQuery? Try `npm i --save-dev @types/jquery`.
src/routes/dashboard.ts(5646,29): error TS2552: Cannot find name 'formatCurrencyLocal'. Did you mean 'formatCurrency'?
src/routes/dashboard.ts(5646,49): error TS2304: Cannot find name 'line'.
src/routes/dashboard.ts(5647,24): error TS2304: Cannot find name 'td'.
src/routes/dashboard.ts(5647,27): error TS2581: Cannot find name '$'. Do you need to install type definitions for jQuery? Try `npm i --save-dev @types/jquery`.
src/routes/dashboard.ts(5647,29): error TS2552: Cannot find name 'formatCurrencyLocal'. Did you mean 'formatCurrency'?
src/routes/dashboard.ts(5647,49): error TS2304: Cannot find name 'line'.
src/routes/dashboard.ts(5648,24): error TS2304: Cannot find name 'td'.
src/routes/dashboard.ts(5648,27): error TS2581: Cannot find name '$'. Do you need to install type definitions for jQuery? Try `npm i --save-dev @types/jquery`.
src/routes/dashboard.ts(5648,29): error TS2552: Cannot find name 'formatCurrencyLocal'. Did you mean 'formatCurrency'?
src/routes/dashboard.ts(5648,49): error TS2304: Cannot find name 'line'.
src/routes/dashboard.ts(5649,24): error TS2304: Cannot find name 'td'.
src/routes/dashboard.ts(5649,27): error TS2581: Cannot find name '$'. Do you need to install type definitions for jQuery? Try `npm i --save-dev @types/jquery`.
src/routes/dashboard.ts(5649,29): error TS2552: Cannot find name 'formatCurrencyLocal'. Did you mean 'formatCurrency'?
src/routes/dashboard.ts(5649,49): error TS2304: Cannot find name 'line'.
src/routes/dashboard.ts(5650,24): error TS2304: Cannot find name 'td'.
src/routes/dashboard.ts(5650,27): error TS2581: Cannot find name '$'. Do you need to install type definitions for jQuery? Try `npm i --save-dev @types/jquery`.
src/routes/dashboard.ts(5650,29): error TS2552: Cannot find name 'formatCurrencyLocal'. Did you mean 'formatCurrency'?
src/routes/dashboard.ts(5650,49): error TS2304: Cannot find name 'line'.
src/routes/dashboard.ts(5651,22): error TS2349: This expression is not callable.
  Type 'RegExp' has no call signatures.
src/routes/dashboard.ts(5656,21): error TS2304: Cannot find name 'div'.
src/routes/dashboard.ts(5656,31): error TS2365: Operator '<' cannot be applied to types 'boolean' and 'RegExp'.
src/routes/dashboard.ts(5656,31): error TS2365: Operator '<' cannot be applied to types 'boolean' and 'RegExp'.
src/routes/dashboard.ts(5656,31): error TS2365: Operator '<' cannot be applied to types 'boolean' and 'RegExp'.
src/routes/dashboard.ts(5656,31): error TS2365: Operator '<' cannot be applied to types 'boolean' and 'RegExp'.
src/routes/dashboard.ts(5656,31): error TS2365: Operator '>' cannot be applied to types 'boolean' and 'string'.
src/routes/dashboard.ts(5656,47): error TS2304: Cannot find name 'table'.
src/routes/dashboard.ts(5656,54): error TS2304: Cannot find name 'thead'.
src/routes/dashboard.ts(5656,61): error TS2304: Cannot find name 'tr'.
src/routes/dashboard.ts(5656,65): error TS2304: Cannot find name 'th'.
src/routes/dashboard.ts(5656,68): error TS2304: Cannot find name 'Employee'.
src/routes/dashboard.ts(5656,95): error TS2304: Cannot find name 'th'.
src/routes/dashboard.ts(5656,98): error TS2304: Cannot find name 'Monthly'.
src/routes/dashboard.ts(5656,128): error TS2304: Cannot find name 'th'.
src/routes/dashboard.ts(5656,131): error TS2304: Cannot find name 'Quarterly'.
src/routes/dashboard.ts(5656,158): error TS2304: Cannot find name 'th'.
src/routes/dashboard.ts(5656,161): error TS2304: Cannot find name 'Total'.
src/routes/dashboard.ts(5623,22): error TS1005: ',' expected.
src/routes/dashboard.ts(5623,27): error TS1005: '{' expected.
src/routes/dashboard.ts(5624,32): error TS1161: Unterminated regular expression literal.
src/routes/dashboard.ts(5625,24): error TS1005: ';' expected.
src/routes/dashboard.ts(5625,29): error TS1005: '{' expected.
src/routes/dashboard.ts(5626,127): error TS1110: Type expected.
src/routes/dashboard.ts(5626,128): error TS1161: Unterminated regular expression literal.
src/routes/dashboard.ts(5627,119): error TS1110: Type expected.
src/routes/dashboard.ts(5627,120): error TS1161: Unterminated regular expression literal.
src/routes/dashboard.ts(5628,83): error TS1110: Type expected.
src/routes/dashboard.ts(5628,84): error TS1161: Unterminated regular expression literal.
src/routes/dashboard.ts(5629,99): error TS1110: Type expected.
src/routes/dashboard.ts(5629,100): error TS1161: Unterminated regular expression literal.
src/routes/dashboard.ts(5630,98): error TS1110: Type expected.
src/routes/dashboard.ts(5630,99): error TS1161: Unterminated regular expression literal.
src/routes/dashboard.ts(5631,103): error TS1110: Type expected.
src/routes/dashboard.ts(5631,104): error TS1161: Unterminated regular expression literal.
src/routes/dashboard.ts(5632,86): error TS1110: Type expected.
src/routes/dashboard.ts(5632,87): error TS1161: Unterminated regular expression literal.
src/routes/dashboard.ts(5633,91): error TS1110: Type expected.
src/routes/dashboard.ts(5633,92): error TS1161: Unterminated regular expression literal.
src/routes/dashboard.ts(5634,21): error TS1161: Unterminated regular expression literal.
src/routes/dashboard.ts(5635,19): error TS1161: Unterminated regular expression literal.
src/routes/dashboard.ts(5644,28): error TS1005: ';' expected.
src/routes/dashboard.ts(5644,43): error TS1005: '>' expected.
src/routes/dashboard.ts(5644,48): error TS1005: '{' expected.
src/routes/dashboard.ts(5644,57): error TS1005: ';' expected.
src/routes/dashboard.ts(5644,65): error TS1110: Type expected.
src/routes/dashboard.ts(5645,28): error TS1005: ';' expected.
src/routes/dashboard.ts(5645,67): error TS1110: Type expected.
src/routes/dashboard.ts(5645,68): error TS1161: Unterminated regular expression literal.
src/routes/dashboard.ts(5646,28): error TS1005: ';' expected.
src/routes/dashboard.ts(5646,74): error TS1110: Type expected.
src/routes/dashboard.ts(5646,75): error TS1161: Unterminated regular expression literal.
src/routes/dashboard.ts(5647,28): error TS1005: ';' expected.
src/routes/dashboard.ts(5647,72): error TS1110: Type expected.
src/routes/dashboard.ts(5647,73): error TS1161: Unterminated regular expression literal.
src/routes/dashboard.ts(5648,28): error TS1005: ';' expected.
src/routes/dashboard.ts(5648,76): error TS1110: Type expected.
src/routes/dashboard.ts(5648,77): error TS1161: Unterminated regular expression literal.
src/routes/dashboard.ts(5649,28): error TS1005: ';' expected.
src/routes/dashboard.ts(5649,65): error TS1110: Type expected.
src/routes/dashboard.ts(5649,66): error TS1161: Unterminated regular expression literal.
src/routes/dashboard.ts(5650,28): error TS1005: ';' expected.
src/routes/dashboard.ts(5650,68): error TS1110: Type expected.
src/routes/dashboard.ts(5650,69): error TS1161: Unterminated regular expression literal.
src/routes/dashboard.ts(5651,23): error TS1161: Unterminated regular expression literal.
src/routes/dashboard.ts(5656,25): error TS1005: ';' expected.
src/routes/dashboard.ts(5656,30): error TS1005: '{' expected.
src/routes/dashboard.ts(5656,177): error TS1110: Type expected.
src/routes/dashboard.ts(5656,211): error TS1110: Type expected.

    at createTSError (/Users/viv/attendance-system/attendance-system/server/node_modules/ts-node/src/index.ts:859:12)
    at reportTSError (/Users/viv/attendance-system/attendance-system/server/node_modules/ts-node/src/index.ts:863:19)
    at getOutput (/Users/viv/attendance-system/attendance-system/server/node_modules/ts-node/src/index.ts:1077:36)
    at Object.compile (/Users/viv/attendance-system/attendance-system/server/node_modules/ts-node/src/index.ts:1433:41)
    at Module.m._compile (/Users/viv/attendance-system/attendance-system/server/node_modules/ts-node/src/index.ts:1617:30)
    at node:internal/modules/cjs/loader:1839:10
    at Object.require.extensions.<computed> [as .ts] (/Users/viv/attendance-system/attendance-system/server/node_modules/ts-node/src/index.ts:1621:12)
    at Module.load (node:internal/modules/cjs/loader:1441:32)
    at Function._load (node:internal/modules/cjs/loader:1263:12)
    at TracingChannel.traceSync (node:diagnostics_channel:322:14) {
  diagnosticCodes: [
    2552, 2552, 7006, 2304, 2339, 2339, 7006, 2339, 2339, 7006,
    7006, 2339, 2339, 2304, 2365, 2304, 2304, 2304, 2365, 2365,
    2365, 2365, 2365, 2365, 2365, 2365, 2365, 2304, 2304, 2304,
    2304, 2304, 2304, 2304, 2304, 2304, 2304, 2304, 2304, 2304,
    2304, 2304, 2304, 2304, 2304, 2304, 2304, 2304, 2304, 2304,
    2304, 2349, 2304, 2304, 2581, 2304, 2304, 2581, 2304, 2304,
    2581, 2552, 2304, 2304, 2581, 2552, 2304, 2304, 2581, 2552,
    2304, 2304, 2581, 2552, 2304, 2304, 2581, 2552, 2304, 2304,
    2581, 2552, 2304, 2349, 2304, 2365, 2365, 2365, 2365, 2365,
    2304, 2304, 2304, 2304, 2304, 2304, 2304, 2304, 2304, 2304,
    ... 52 more items
  ]
}
[31m[nodemon] app crashed - waiting for file changes before starting...[39m
[32m[nodemon] restarting due to changes...[39m
[32m[nodemon] starting `ts-node src/index.ts`[39m
/Users/viv/attendance-system/attendance-system/server/node_modules/ts-node/src/index.ts:859
    return new TSError(diagnosticText, diagnosticCodes, diagnostics);
           ^
TSError: тип Unable to compile TypeScript:
src/routes/dashboard.ts(4573,5): error TS2552: Cannot find name 'listEmployeeConfigs'. Did you mean 'upsertEmployeeConfig'?
src/routes/dashboard.ts(4574,5): error TS2552: Cannot find name 'listHolidays'. Did you mean 'holidays'?
src/routes/dashboard.ts(4585,49): error TS7006: Parameter 'employee' implicitly has an 'any' type.
src/routes/dashboard.ts(4590,46): error TS2304: Cannot find name 'EmployeeCompSnapshot'.
src/routes/dashboard.ts(4600,20): error TS2339: Property 'name' does not exist on type '{}'.
src/routes/dashboard.ts(4600,53): error TS2339: Property 'name' does not exist on type '{}'.
src/routes/dashboard.ts(4619,11): error TS7006: Parameter 'period' implicitly has an 'any' type.
src/routes/dashboard.ts(4751,36): error TS2339: Property 'name' does not exist on type '{}'.
src/routes/dashboard.ts(4752,54): error TS2339: Property 'email' does not exist on type '{}'.
src/routes/dashboard.ts(4795,11): error TS7006: Parameter 'holiday' implicitly has an 'any' type.
src/routes/dashboard.ts(4836,23): error TS7006: Parameter 'employee' implicitly has an 'any' type.
src/routes/dashboard.ts(4890,40): error TS2339: Property 'name' does not exist on type '{}'.
src/routes/dashboard.ts(4891,58): error TS2339: Property 'email' does not exist on type '{}'.
src/routes/dashboard.ts(5652,18): error TS2304: Cannot find name 'div'.
src/routes/dashboard.ts(5652,28): error TS2365: Operator '<' cannot be applied to types 'boolean' and 'RegExp'.
src/routes/dashboard.ts(5653,20): error TS2304: Cannot find name 'h3'.
src/routes/dashboard.ts(5653,23): error TS2304: Cannot find name 'Summary'.
src/routes/dashboard.ts(5654,20): error TS2304: Cannot find name 'div'.
src/routes/dashboard.ts(5654,30): error TS2365: Operator '<' cannot be applied to types 'boolean' and 'RegExp'.
src/routes/dashboard.ts(5654,30): error TS2365: Operator '<' cannot be applied to types 'boolean' and 'RegExp'.
src/routes/dashboard.ts(5654,30): error TS2365: Operator '<' cannot be applied to types 'boolean' and 'RegExp'.
src/routes/dashboard.ts(5654,30): error TS2365: Operator '<' cannot be applied to types 'boolean' and 'RegExp'.
src/routes/dashboard.ts(5654,30): error TS2365: Operator '<' cannot be applied to types 'boolean' and 'RegExp'.
src/routes/dashboard.ts(5654,30): error TS2365: Operator '<' cannot be applied to types 'boolean' and 'RegExp'.
src/routes/dashboard.ts(5654,30): error TS2365: Operator '<' cannot be applied to types 'boolean' and 'RegExp'.
src/routes/dashboard.ts(5654,30): error TS2365: Operator '<' cannot be applied to types 'boolean' and 'RegExp'.
src/routes/dashboard.ts(5654,30): error TS2365: Operator '<' cannot be applied to types 'boolean' and 'RegExp'.
src/routes/dashboard.ts(5655,22): error TS2304: Cannot find name 'dl'.
src/routes/dashboard.ts(5655,26): error TS2304: Cannot find name 'dt'.
src/routes/dashboard.ts(5655,29): error TS2304: Cannot find name 'Period'.
src/routes/dashboard.ts(5656,22): error TS2304: Cannot find name 'dl'.
src/routes/dashboard.ts(5656,26): error TS2304: Cannot find name 'dt'.
src/routes/dashboard.ts(5656,29): error TS2304: Cannot find name 'Computed'.
src/routes/dashboard.ts(5657,22): error TS2304: Cannot find name 'dl'.
src/routes/dashboard.ts(5657,26): error TS2304: Cannot find name 'dt'.
src/routes/dashboard.ts(5657,29): error TS2304: Cannot find name 'Base'.
src/routes/dashboard.ts(5658,22): error TS2304: Cannot find name 'dl'.
src/routes/dashboard.ts(5658,26): error TS2304: Cannot find name 'dt'.
src/routes/dashboard.ts(5658,29): error TS2304: Cannot find name 'Monthly'.
src/routes/dashboard.ts(5659,22): error TS2304: Cannot find name 'dl'.
src/routes/dashboard.ts(5659,26): error TS2304: Cannot find name 'dt'.
src/routes/dashboard.ts(5659,29): error TS2304: Cannot find name 'Deferred'.
src/routes/dashboard.ts(5660,22): error TS2304: Cannot find name 'dl'.
src/routes/dashboard.ts(5660,26): error TS2304: Cannot find name 'dt'.
src/routes/dashboard.ts(5660,29): error TS2304: Cannot find name 'Quarterly'.
src/routes/dashboard.ts(5661,22): error TS2304: Cannot find name 'dl'.
src/routes/dashboard.ts(5661,26): error TS2304: Cannot find name 'dt'.
src/routes/dashboard.ts(5661,29): error TS2304: Cannot find name 'KPI'.
src/routes/dashboard.ts(5662,22): error TS2304: Cannot find name 'dl'.
src/routes/dashboard.ts(5662,26): error TS2304: Cannot find name 'dt'.
src/routes/dashboard.ts(5662,29): error TS2304: Cannot find name 'Total'.
src/routes/dashboard.ts(5664,18): error TS2349: This expression is not callable.
  Type 'RegExp' has no call signatures.
src/routes/dashboard.ts(5672,22): error TS2304: Cannot find name 'tr'.
src/routes/dashboard.ts(5673,24): error TS2304: Cannot find name 'td'.
src/routes/dashboard.ts(5673,27): error TS2581: Cannot find name '$'. Do you need to install type definitions for jQuery? Try `npm i --save-dev @types/jquery`.
src/routes/dashboard.ts(5673,29): error TS2304: Cannot find name 'employee'.
src/routes/dashboard.ts(5673,39): error TS2304: Cannot find name 'div'.
src/routes/dashboard.ts(5673,56): error TS2581: Cannot find name '$'. Do you need to install type definitions for jQuery? Try `npm i --save-dev @types/jquery`.
src/routes/dashboard.ts(5673,58): error TS2304: Cannot find name 'email'.
src/routes/dashboard.ts(5674,24): error TS2304: Cannot find name 'td'.
src/routes/dashboard.ts(5674,27): error TS2581: Cannot find name '$'. Do you need to install type definitions for jQuery? Try `npm i --save-dev @types/jquery`.
src/routes/dashboard.ts(5674,29): error TS2552: Cannot find name 'formatCurrencyLocal'. Did you mean 'formatCurrency'?
src/routes/dashboard.ts(5674,49): error TS2304: Cannot find name 'line'.
src/routes/dashboard.ts(5675,24): error TS2304: Cannot find name 'td'.
src/routes/dashboard.ts(5675,27): error TS2581: Cannot find name '$'. Do you need to install type definitions for jQuery? Try `npm i --save-dev @types/jquery`.
src/routes/dashboard.ts(5675,29): error TS2552: Cannot find name 'formatCurrencyLocal'. Did you mean 'formatCurrency'?
src/routes/dashboard.ts(5675,49): error TS2304: Cannot find name 'line'.
src/routes/dashboard.ts(5676,24): error TS2304: Cannot find name 'td'.
src/routes/dashboard.ts(5676,27): error TS2581: Cannot find name '$'. Do you need to install type definitions for jQuery? Try `npm i --save-dev @types/jquery`.
src/routes/dashboard.ts(5676,29): error TS2552: Cannot find name 'formatCurrencyLocal'. Did you mean 'formatCurrency'?
src/routes/dashboard.ts(5676,49): error TS2304: Cannot find name 'line'.
src/routes/dashboard.ts(5677,24): error TS2304: Cannot find name 'td'.
src/routes/dashboard.ts(5677,27): error TS2581: Cannot find name '$'. Do you need to install type definitions for jQuery? Try `npm i --save-dev @types/jquery`.
src/routes/dashboard.ts(5677,29): error TS2552: Cannot find name 'formatCurrencyLocal'. Did you mean 'formatCurrency'?
src/routes/dashboard.ts(5677,49): error TS2304: Cannot find name 'line'.
src/routes/dashboard.ts(5678,24): error TS2304: Cannot find name 'td'.
src/routes/dashboard.ts(5678,27): error TS2581: Cannot find name '$'. Do you need to install type definitions for jQuery? Try `npm i --save-dev @types/jquery`.
src/routes/dashboard.ts(5678,29): error TS2552: Cannot find name 'formatCurrencyLocal'. Did you mean 'formatCurrency'?
src/routes/dashboard.ts(5678,49): error TS2304: Cannot find name 'line'.
src/routes/dashboard.ts(5679,24): error TS2304: Cannot find name 'td'.
src/routes/dashboard.ts(5679,27): error TS2581: Cannot find name '$'. Do you need to install type definitions for jQuery? Try `npm i --save-dev @types/jquery`.
src/routes/dashboard.ts(5679,29): error TS2552: Cannot find name 'formatCurrencyLocal'. Did you mean 'formatCurrency'?
src/routes/dashboard.ts(5679,49): error TS2304: Cannot find name 'line'.
src/routes/dashboard.ts(5680,22): error TS2349: This expression is not callable.
  Type 'RegExp' has no call signatures.
src/routes/dashboard.ts(5685,21): error TS2304: Cannot find name 'div'.
src/routes/dashboard.ts(5685,31): error TS2365: Operator '<' cannot be applied to types 'boolean' and 'RegExp'.
src/routes/dashboard.ts(5685,31): error TS2365: Operator '<' cannot be applied to types 'boolean' and 'RegExp'.
src/routes/dashboard.ts(5685,31): error TS2365: Operator '<' cannot be applied to types 'boolean' and 'RegExp'.
src/routes/dashboard.ts(5685,31): error TS2365: Operator '<' cannot be applied to types 'boolean' and 'RegExp'.
src/routes/dashboard.ts(5685,31): error TS2365: Operator '>' cannot be applied to types 'boolean' and 'string'.
src/routes/dashboard.ts(5685,47): error TS2304: Cannot find name 'table'.
src/routes/dashboard.ts(5685,54): error TS2304: Cannot find name 'thead'.
src/routes/dashboard.ts(5685,61): error TS2304: Cannot find name 'tr'.
src/routes/dashboard.ts(5685,65): error TS2304: Cannot find name 'th'.
src/routes/dashboard.ts(5685,68): error TS2304: Cannot find name 'Employee'.
src/routes/dashboard.ts(5685,95): error TS2304: Cannot find name 'th'.
src/routes/dashboard.ts(5685,98): error TS2304: Cannot find name 'Monthly'.
src/routes/dashboard.ts(5685,128): error TS2304: Cannot find name 'th'.
src/routes/dashboard.ts(5685,131): error TS2304: Cannot find name 'Quarterly'.
src/routes/dashboard.ts(5685,158): error TS2304: Cannot find name 'th'.
src/routes/dashboard.ts(5685,161): error TS2304: Cannot find name 'Total'.
src/routes/dashboard.ts(5652,22): error TS1005: ',' expected.
src/routes/dashboard.ts(5652,27): error TS1005: '{' expected.
src/routes/dashboard.ts(5653,32): error TS1161: Unterminated regular expression literal.
src/routes/dashboard.ts(5654,24): error TS1005: ';' expected.
src/routes/dashboard.ts(5654,29): error TS1005: '{' expected.
src/routes/dashboard.ts(5655,127): error TS1110: Type expected.
src/routes/dashboard.ts(5655,128): error TS1161: Unterminated regular expression literal.
src/routes/dashboard.ts(5656,119): error TS1110: Type expected.
src/routes/dashboard.ts(5656,120): error TS1161: Unterminated regular expression literal.
src/routes/dashboard.ts(5657,83): error TS1110: Type expected.
src/routes/dashboard.ts(5657,84): error TS1161: Unterminated regular expression literal.
src/routes/dashboard.ts(5658,99): error TS1110: Type expected.
src/routes/dashboard.ts(5658,100): error TS1161: Unterminated regular expression literal.
src/routes/dashboard.ts(5659,98): error TS1110: Type expected.
src/routes/dashboard.ts(5659,99): error TS1161: Unterminated regular expression literal.
src/routes/dashboard.ts(5660,103): error TS1110: Type expected.
src/routes/dashboard.ts(5660,104): error TS1161: Unterminated regular expression literal.
src/routes/dashboard.ts(5661,86): error TS1110: Type expected.
src/routes/dashboard.ts(5661,87): error TS1161: Unterminated regular expression literal.
src/routes/dashboard.ts(5662,91): error TS1110: Type expected.
src/routes/dashboard.ts(5662,92): error TS1161: Unterminated regular expression literal.
src/routes/dashboard.ts(5663,21): error TS1161: Unterminated regular expression literal.
src/routes/dashboard.ts(5664,19): error TS1161: Unterminated regular expression literal.
src/routes/dashboard.ts(5673,28): error TS1005: ';' expected.
src/routes/dashboard.ts(5673,43): error TS1005: '>' expected.
src/routes/dashboard.ts(5673,48): error TS1005: '{' expected.
src/routes/dashboard.ts(5673,57): error TS1005: ';' expected.
src/routes/dashboard.ts(5673,65): error TS1110: Type expected.
src/routes/dashboard.ts(5674,28): error TS1005: ';' expected.
src/routes/dashboard.ts(5674,67): error TS1110: Type expected.
src/routes/dashboard.ts(5674,68): error TS1161: Unterminated regular expression literal.
src/routes/dashboard.ts(5675,28): error TS1005: ';' expected.
src/routes/dashboard.ts(5675,74): error TS1110: Type expected.
src/routes/dashboard.ts(5675,75): error TS1161: Unterminated regular expression literal.
src/routes/dashboard.ts(5676,28): error TS1005: ';' expected.
src/routes/dashboard.ts(5676,72): error TS1110: Type expected.
src/routes/dashboard.ts(5676,73): error TS1161: Unterminated regular expression literal.
src/routes/dashboard.ts(5677,28): error TS1005: ';' expected.
src/routes/dashboard.ts(5677,76): error TS1110: Type expected.
src/routes/dashboard.ts(5677,77): error TS1161: Unterminated regular expression literal.
src/routes/dashboard.ts(5678,28): error TS1005: ';' expected.
src/routes/dashboard.ts(5678,65): error TS1110: Type expected.
src/routes/dashboard.ts(5678,66): error TS1161: Unterminated regular expression literal.
src/routes/dashboard.ts(5679,28): error TS1005: ';' expected.
src/routes/dashboard.ts(5679,68): error TS1110: Type expected.
src/routes/dashboard.ts(5679,69): error TS1161: Unterminated regular expression literal.
src/routes/dashboard.ts(5680,23): error TS1161: Unterminated regular expression literal.
src/routes/dashboard.ts(5685,25): error TS1005: ';' expected.
src/routes/dashboard.ts(5685,30): error TS1005: '{' expected.
src/routes/dashboard.ts(5685,177): error TS1110: Type expected.
src/routes/dashboard.ts(5685,211): error TS1110: Type expected.

    at createTSError (/Users/viv/attendance-system/attendance-system/server/node_modules/ts-node/src/index.ts:859:12)
    at reportTSError (/Users/viv/attendance-system/attendance-system/server/node_modules/ts-node/src/index.ts:863:19)
    at getOutput (/Users/viv/attendance-system/attendance-system/server/node_modules/ts-node/src/index.ts:1077:36)
    at Object.compile (/Users/viv/attendance-system/attendance-system/server/node_modules/ts-node/src/index.ts:1433:41)
    at Module.m._compile (/Users/viv/attendance-system/attendance-system/server/node_modules/ts-node/src/index.ts:1617:30)
    at node:internal/modules/cjs/loader:1839:10
    at Object.require.extensions.<computed> [as .ts] (/Users/viv/attendance-system/attendance-system/server/node_modules/ts-node/src/index.ts:1621:12)
    at Module.load (node:internal/modules/cjs/loader:1441:32)
    at Function._load (node:internal/modules/cjs/loader:1263:12)
    at TracingChannel.traceSync (node:diagnostics_channel:322:14) {
  diagnosticCodes: [
    2552, 2552, 7006, 2304, 2339, 2339, 7006, 2339, 2339, 7006,
    7006, 2339, 2339, 2304, 2365, 2304, 2304, 2304, 2365, 2365,
    2365, 2365, 2365, 2365, 2365, 2365, 2365, 2304, 2304, 2304,
    2304, 2304, 2304, 2304, 2304, 2304, 2304, 2304, 2304, 2304,
    2304, 2304, 2304, 2304, 2304, 2304, 2304, 2304, 2304, 2304,
    2304, 2349, 2304, 2304, 2581, 2304, 2304, 2581, 2304, 2304,
    2581, 2552, 2304, 2304, 2581, 2552, 2304, 2304, 2581, 2552,
    2304, 2304, 2581, 2552, 2304, 2304, 2581, 2552, 2304, 2304,
    2581, 2552, 2304, 2349, 2304, 2365, 2365, 2365, 2365, 2365,
    2304, 2304, 2304, 2304, 2304, 2304, 2304, 2304, 2304, 2304,
    ... 52 more items
  ]
}
[31m[nodemon] app crashed - waiting for file changes before starting...[39m
[32m[nodemon] restarting due to changes...[39m
[32m[nodemon] starting `ts-node src/index.ts`[39m
/Users/viv/attendance-system/attendance-system/server/node_modules/ts-node/src/index.ts:859
    return new TSError(diagnosticText, diagnosticCodes, diagnostics);
           ^
TSError: тип Unable to compile TypeScript:
src/routes/dashboard.ts(4573,5): error TS2552: Cannot find name 'listEmployeeConfigs'. Did you mean 'upsertEmployeeConfig'?
src/routes/dashboard.ts(4574,5): error TS2552: Cannot find name 'listHolidays'. Did you mean 'holidays'?
src/routes/dashboard.ts(4585,49): error TS7006: Parameter 'employee' implicitly has an 'any' type.
src/routes/dashboard.ts(4590,46): error TS2304: Cannot find name 'EmployeeCompSnapshot'.
src/routes/dashboard.ts(4600,20): error TS2339: Property 'name' does not exist on type '{}'.
src/routes/dashboard.ts(4600,53): error TS2339: Property 'name' does not exist on type '{}'.
src/routes/dashboard.ts(4619,11): error TS7006: Parameter 'period' implicitly has an 'any' type.
src/routes/dashboard.ts(4751,36): error TS2339: Property 'name' does not exist on type '{}'.
src/routes/dashboard.ts(4752,54): error TS2339: Property 'email' does not exist on type '{}'.
src/routes/dashboard.ts(4795,11): error TS7006: Parameter 'holiday' implicitly has an 'any' type.
src/routes/dashboard.ts(4836,23): error TS7006: Parameter 'employee' implicitly has an 'any' type.
src/routes/dashboard.ts(4893,40): error TS2339: Property 'name' does not exist on type '{}'.
src/routes/dashboard.ts(4894,58): error TS2339: Property 'email' does not exist on type '{}'.
src/routes/dashboard.ts(5655,18): error TS2304: Cannot find name 'div'.
src/routes/dashboard.ts(5655,28): error TS2365: Operator '<' cannot be applied to types 'boolean' and 'RegExp'.
src/routes/dashboard.ts(5656,20): error TS2304: Cannot find name 'h3'.
src/routes/dashboard.ts(5656,23): error TS2304: Cannot find name 'Summary'.
src/routes/dashboard.ts(5657,20): error TS2304: Cannot find name 'div'.
src/routes/dashboard.ts(5657,30): error TS2365: Operator '<' cannot be applied to types 'boolean' and 'RegExp'.
src/routes/dashboard.ts(5657,30): error TS2365: Operator '<' cannot be applied to types 'boolean' and 'RegExp'.
src/routes/dashboard.ts(5657,30): error TS2365: Operator '<' cannot be applied to types 'boolean' and 'RegExp'.
src/routes/dashboard.ts(5657,30): error TS2365: Operator '<' cannot be applied to types 'boolean' and 'RegExp'.
src/routes/dashboard.ts(5657,30): error TS2365: Operator '<' cannot be applied to types 'boolean' and 'RegExp'.
src/routes/dashboard.ts(5657,30): error TS2365: Operator '<' cannot be applied to types 'boolean' and 'RegExp'.
src/routes/dashboard.ts(5657,30): error TS2365: Operator '<' cannot be applied to types 'boolean' and 'RegExp'.
src/routes/dashboard.ts(5657,30): error TS2365: Operator '<' cannot be applied to types 'boolean' and 'RegExp'.
src/routes/dashboard.ts(5657,30): error TS2365: Operator '<' cannot be applied to types 'boolean' and 'RegExp'.
src/routes/dashboard.ts(5658,22): error TS2304: Cannot find name 'dl'.
src/routes/dashboard.ts(5658,26): error TS2304: Cannot find name 'dt'.
src/routes/dashboard.ts(5658,29): error TS2304: Cannot find name 'Period'.
src/routes/dashboard.ts(5659,22): error TS2304: Cannot find name 'dl'.
src/routes/dashboard.ts(5659,26): error TS2304: Cannot find name 'dt'.
src/routes/dashboard.ts(5659,29): error TS2304: Cannot find name 'Computed'.
src/routes/dashboard.ts(5660,22): error TS2304: Cannot find name 'dl'.
src/routes/dashboard.ts(5660,26): error TS2304: Cannot find name 'dt'.
src/routes/dashboard.ts(5660,29): error TS2304: Cannot find name 'Base'.
src/routes/dashboard.ts(5661,22): error TS2304: Cannot find name 'dl'.
src/routes/dashboard.ts(5661,26): error TS2304: Cannot find name 'dt'.
src/routes/dashboard.ts(5661,29): error TS2304: Cannot find name 'Monthly'.
src/routes/dashboard.ts(5662,22): error TS2304: Cannot find name 'dl'.
src/routes/dashboard.ts(5662,26): error TS2304: Cannot find name 'dt'.
src/routes/dashboard.ts(5662,29): error TS2304: Cannot find name 'Deferred'.
src/routes/dashboard.ts(5663,22): error TS2304: Cannot find name 'dl'.
src/routes/dashboard.ts(5663,26): error TS2304: Cannot find name 'dt'.
src/routes/dashboard.ts(5663,29): error TS2304: Cannot find name 'Quarterly'.
src/routes/dashboard.ts(5664,22): error TS2304: Cannot find name 'dl'.
src/routes/dashboard.ts(5664,26): error TS2304: Cannot find name 'dt'.
src/routes/dashboard.ts(5664,29): error TS2304: Cannot find name 'KPI'.
src/routes/dashboard.ts(5665,22): error TS2304: Cannot find name 'dl'.
src/routes/dashboard.ts(5665,26): error TS2304: Cannot find name 'dt'.
src/routes/dashboard.ts(5665,29): error TS2304: Cannot find name 'Total'.
src/routes/dashboard.ts(5667,18): error TS2349: This expression is not callable.
  Type 'RegExp' has no call signatures.
src/routes/dashboard.ts(5675,22): error TS2304: Cannot find name 'tr'.
src/routes/dashboard.ts(5676,24): error TS2304: Cannot find name 'td'.
src/routes/dashboard.ts(5676,27): error TS2581: Cannot find name '$'. Do you need to install type definitions for jQuery? Try `npm i --save-dev @types/jquery`.
src/routes/dashboard.ts(5676,29): error TS2304: Cannot find name 'employee'.
src/routes/dashboard.ts(5676,39): error TS2304: Cannot find name 'div'.
src/routes/dashboard.ts(5676,56): error TS2581: Cannot find name '$'. Do you need to install type definitions for jQuery? Try `npm i --save-dev @types/jquery`.
src/routes/dashboard.ts(5676,58): error TS2304: Cannot find name 'email'.
src/routes/dashboard.ts(5677,24): error TS2304: Cannot find name 'td'.
src/routes/dashboard.ts(5677,27): error TS2581: Cannot find name '$'. Do you need to install type definitions for jQuery? Try `npm i --save-dev @types/jquery`.
src/routes/dashboard.ts(5677,29): error TS2552: Cannot find name 'formatCurrencyLocal'. Did you mean 'formatCurrency'?
src/routes/dashboard.ts(5677,49): error TS2304: Cannot find name 'line'.
src/routes/dashboard.ts(5678,24): error TS2304: Cannot find name 'td'.
src/routes/dashboard.ts(5678,27): error TS2581: Cannot find name '$'. Do you need to install type definitions for jQuery? Try `npm i --save-dev @types/jquery`.
src/routes/dashboard.ts(5678,29): error TS2552: Cannot find name 'formatCurrencyLocal'. Did you mean 'formatCurrency'?
src/routes/dashboard.ts(5678,49): error TS2304: Cannot find name 'line'.
src/routes/dashboard.ts(5679,24): error TS2304: Cannot find name 'td'.
src/routes/dashboard.ts(5679,27): error TS2581: Cannot find name '$'. Do you need to install type definitions for jQuery? Try `npm i --save-dev @types/jquery`.
src/routes/dashboard.ts(5679,29): error TS2552: Cannot find name 'formatCurrencyLocal'. Did you mean 'formatCurrency'?
src/routes/dashboard.ts(5679,49): error TS2304: Cannot find name 'line'.
src/routes/dashboard.ts(5680,24): error TS2304: Cannot find name 'td'.
src/routes/dashboard.ts(5680,27): error TS2581: Cannot find name '$'. Do you need to install type definitions for jQuery? Try `npm i --save-dev @types/jquery`.
src/routes/dashboard.ts(5680,29): error TS2552: Cannot find name 'formatCurrencyLocal'. Did you mean 'formatCurrency'?
src/routes/dashboard.ts(5680,49): error TS2304: Cannot find name 'line'.
src/routes/dashboard.ts(5681,24): error TS2304: Cannot find name 'td'.
src/routes/dashboard.ts(5681,27): error TS2581: Cannot find name '$'. Do you need to install type definitions for jQuery? Try `npm i --save-dev @types/jquery`.
src/routes/dashboard.ts(5681,29): error TS2552: Cannot find name 'formatCurrencyLocal'. Did you mean 'formatCurrency'?
src/routes/dashboard.ts(5681,49): error TS2304: Cannot find name 'line'.
src/routes/dashboard.ts(5682,24): error TS2304: Cannot find name 'td'.
src/routes/dashboard.ts(5682,27): error TS2581: Cannot find name '$'. Do you need to install type definitions for jQuery? Try `npm i --save-dev @types/jquery`.
src/routes/dashboard.ts(5682,29): error TS2552: Cannot find name 'formatCurrencyLocal'. Did you mean 'formatCurrency'?
src/routes/dashboard.ts(5682,49): error TS2304: Cannot find name 'line'.
src/routes/dashboard.ts(5683,22): error TS2349: This expression is not callable.
  Type 'RegExp' has no call signatures.
src/routes/dashboard.ts(5688,21): error TS2304: Cannot find name 'div'.
src/routes/dashboard.ts(5688,31): error TS2365: Operator '<' cannot be applied to types 'boolean' and 'RegExp'.
src/routes/dashboard.ts(5688,31): error TS2365: Operator '<' cannot be applied to types 'boolean' and 'RegExp'.
src/routes/dashboard.ts(5688,31): error TS2365: Operator '<' cannot be applied to types 'boolean' and 'RegExp'.
src/routes/dashboard.ts(5688,31): error TS2365: Operator '<' cannot be applied to types 'boolean' and 'RegExp'.
src/routes/dashboard.ts(5688,31): error TS2365: Operator '>' cannot be applied to types 'boolean' and 'string'.
src/routes/dashboard.ts(5688,47): error TS2304: Cannot find name 'table'.
src/routes/dashboard.ts(5688,54): error TS2304: Cannot find name 'thead'.
src/routes/dashboard.ts(5688,61): error TS2304: Cannot find name 'tr'.
src/routes/dashboard.ts(5688,65): error TS2304: Cannot find name 'th'.
src/routes/dashboard.ts(5688,68): error TS2304: Cannot find name 'Employee'.
src/routes/dashboard.ts(5688,95): error TS2304: Cannot find name 'th'.
src/routes/dashboard.ts(5688,98): error TS2304: Cannot find name 'Monthly'.
src/routes/dashboard.ts(5688,128): error TS2304: Cannot find name 'th'.
src/routes/dashboard.ts(5688,131): error TS2304: Cannot find name 'Quarterly'.
src/routes/dashboard.ts(5688,158): error TS2304: Cannot find name 'th'.
src/routes/dashboard.ts(5688,161): error TS2304: Cannot find name 'Total'.
src/routes/dashboard.ts(5655,22): error TS1005: ',' expected.
src/routes/dashboard.ts(5655,27): error TS1005: '{' expected.
src/routes/dashboard.ts(5656,32): error TS1161: Unterminated regular expression literal.
src/routes/dashboard.ts(5657,24): error TS1005: ';' expected.
src/routes/dashboard.ts(5657,29): error TS1005: '{' expected.
src/routes/dashboard.ts(5658,127): error TS1110: Type expected.
src/routes/dashboard.ts(5658,128): error TS1161: Unterminated regular expression literal.
src/routes/dashboard.ts(5659,119): error TS1110: Type expected.
src/routes/dashboard.ts(5659,120): error TS1161: Unterminated regular expression literal.
src/routes/dashboard.ts(5660,83): error TS1110: Type expected.
src/routes/dashboard.ts(5660,84): error TS1161: Unterminated regular expression literal.
src/routes/dashboard.ts(5661,99): error TS1110: Type expected.
src/routes/dashboard.ts(5661,100): error TS1161: Unterminated regular expression literal.
src/routes/dashboard.ts(5662,98): error TS1110: Type expected.
src/routes/dashboard.ts(5662,99): error TS1161: Unterminated regular expression literal.
src/routes/dashboard.ts(5663,103): error TS1110: Type expected.
src/routes/dashboard.ts(5663,104): error TS1161: Unterminated regular expression literal.
src/routes/dashboard.ts(5664,86): error TS1110: Type expected.
src/routes/dashboard.ts(5664,87): error TS1161: Unterminated regular expression literal.
src/routes/dashboard.ts(5665,91): error TS1110: Type expected.
src/routes/dashboard.ts(5665,92): error TS1161: Unterminated regular expression literal.
src/routes/dashboard.ts(5666,21): error TS1161: Unterminated regular expression literal.
src/routes/dashboard.ts(5667,19): error TS1161: Unterminated regular expression literal.
src/routes/dashboard.ts(5676,28): error TS1005: ';' expected.
src/routes/dashboard.ts(5676,43): error TS1005: '>' expected.
src/routes/dashboard.ts(5676,48): error TS1005: '{' expected.
src/routes/dashboard.ts(5676,57): error TS1005: ';' expected.
src/routes/dashboard.ts(5676,65): error TS1110: Type expected.
src/routes/dashboard.ts(5677,28): error TS1005: ';' expected.
src/routes/dashboard.ts(5677,67): error TS1110: Type expected.
src/routes/dashboard.ts(5677,68): error TS1161: Unterminated regular expression literal.
src/routes/dashboard.ts(5678,28): error TS1005: ';' expected.
src/routes/dashboard.ts(5678,74): error TS1110: Type expected.
src/routes/dashboard.ts(5678,75): error TS1161: Unterminated regular expression literal.
src/routes/dashboard.ts(5679,28): error TS1005: ';' expected.
src/routes/dashboard.ts(5679,72): error TS1110: Type expected.
src/routes/dashboard.ts(5679,73): error TS1161: Unterminated regular expression literal.
src/routes/dashboard.ts(5680,28): error TS1005: ';' expected.
src/routes/dashboard.ts(5680,76): error TS1110: Type expected.
src/routes/dashboard.ts(5680,77): error TS1161: Unterminated regular expression literal.
src/routes/dashboard.ts(5681,28): error TS1005: ';' expected.
src/routes/dashboard.ts(5681,65): error TS1110: Type expected.
src/routes/dashboard.ts(5681,66): error TS1161: Unterminated regular expression literal.
src/routes/dashboard.ts(5682,28): error TS1005: ';' expected.
src/routes/dashboard.ts(5682,68): error TS1110: Type expected.
src/routes/dashboard.ts(5682,69): error TS1161: Unterminated regular expression literal.
src/routes/dashboard.ts(5683,23): error TS1161: Unterminated regular expression literal.
src/routes/dashboard.ts(5688,25): error TS1005: ';' expected.
src/routes/dashboard.ts(5688,30): error TS1005: '{' expected.
src/routes/dashboard.ts(5688,177): error TS1110: Type expected.
src/routes/dashboard.ts(5688,211): error TS1110: Type expected.

    at createTSError (/Users/viv/attendance-system/attendance-system/server/node_modules/ts-node/src/index.ts:859:12)
    at reportTSError (/Users/viv/attendance-system/attendance-system/server/node_modules/ts-node/src/index.ts:863:19)
    at getOutput (/Users/viv/attendance-system/attendance-system/server/node_modules/ts-node/src/index.ts:1077:36)
    at Object.compile (/Users/viv/attendance-system/attendance-system/server/node_modules/ts-node/src/index.ts:1433:41)
    at Module.m._compile (/Users/viv/attendance-system/attendance-system/server/node_modules/ts-node/src/index.ts:1617:30)
    at node:internal/modules/cjs/loader:1839:10
    at Object.require.extensions.<computed> [as .ts] (/Users/viv/attendance-system/attendance-system/server/node_modules/ts-node/src/index.ts:1621:12)
    at Module.load (node:internal/modules/cjs/loader:1441:32)
    at Function._load (node:internal/modules/cjs/loader:1263:12)
    at TracingChannel.traceSync (node:diagnostics_channel:322:14) {
  diagnosticCodes: [
    2552, 2552, 7006, 2304, 2339, 2339, 7006, 2339, 2339, 7006,
    7006, 2339, 2339, 2304, 2365, 2304, 2304, 2304, 2365, 2365,
    2365, 2365, 2365, 2365, 2365, 2365, 2365, 2304, 2304, 2304,
    2304, 2304, 2304, 2304, 2304, 2304, 2304, 2304, 2304, 2304,
    2304, 2304, 2304, 2304, 2304, 2304, 2304, 2304, 2304, 2304,
    2304, 2349, 2304, 2304, 2581, 2304, 2304, 2581, 2304, 2304,
    2581, 2552, 2304, 2304, 2581, 2552, 2304, 2304, 2581, 2552,
    2304, 2304, 2581, 2552, 2304, 2304, 2581, 2552, 2304, 2304,
    2581, 2552, 2304, 2349, 2304, 2365, 2365, 2365, 2365, 2365,
    2304, 2304, 2304, 2304, 2304, 2304, 2304, 2304, 2304, 2304,
    ... 52 more items
  ]
}
[31m[nodemon] app crashed - waiting for file changes before starting...[39m
[32m[nodemon] restarting due to changes...[39m
[32m[nodemon] starting `ts-node src/index.ts`[39m
/Users/viv/attendance-system/attendance-system/server/node_modules/ts-node/src/index.ts:859
    return new TSError(diagnosticText, diagnosticCodes, diagnostics);
           ^
TSError: тип Unable to compile TypeScript:
src/routes/dashboard.ts(4574,5): error TS2552: Cannot find name 'listEmployeeConfigs'. Did you mean 'upsertEmployeeConfig'?
src/routes/dashboard.ts(4575,5): error TS2552: Cannot find name 'listHolidays'. Did you mean 'holidays'?
src/routes/dashboard.ts(4586,49): error TS7006: Parameter 'employee' implicitly has an 'any' type.
src/routes/dashboard.ts(4601,20): error TS2339: Property 'name' does not exist on type '{}'.
src/routes/dashboard.ts(4601,53): error TS2339: Property 'name' does not exist on type '{}'.
src/routes/dashboard.ts(4620,11): error TS7006: Parameter 'period' implicitly has an 'any' type.
src/routes/dashboard.ts(4752,36): error TS2339: Property 'name' does not exist on type '{}'.
src/routes/dashboard.ts(4753,54): error TS2339: Property 'email' does not exist on type '{}'.
src/routes/dashboard.ts(4796,11): error TS7006: Parameter 'holiday' implicitly has an 'any' type.
src/routes/dashboard.ts(4837,23): error TS7006: Parameter 'employee' implicitly has an 'any' type.
src/routes/dashboard.ts(4894,40): error TS2339: Property 'name' does not exist on type '{}'.
src/routes/dashboard.ts(4895,58): error TS2339: Property 'email' does not exist on type '{}'.
src/routes/dashboard.ts(5656,18): error TS2304: Cannot find name 'div'.
src/routes/dashboard.ts(5656,28): error TS2365: Operator '<' cannot be applied to types 'boolean' and 'RegExp'.
src/routes/dashboard.ts(5657,20): error TS2304: Cannot find name 'h3'.
src/routes/dashboard.ts(5657,23): error TS2552: Cannot find name 'Summary'. Did you mean 'toSummary'?
src/routes/dashboard.ts(5658,20): error TS2304: Cannot find name 'div'.
src/routes/dashboard.ts(5658,30): error TS2365: Operator '<' cannot be applied to types 'boolean' and 'RegExp'.
src/routes/dashboard.ts(5658,30): error TS2365: Operator '<' cannot be applied to types 'boolean' and 'RegExp'.
src/routes/dashboard.ts(5658,30): error TS2365: Operator '<' cannot be applied to types 'boolean' and 'RegExp'.
src/routes/dashboard.ts(5658,30): error TS2365: Operator '<' cannot be applied to types 'boolean' and 'RegExp'.
src/routes/dashboard.ts(5658,30): error TS2365: Operator '<' cannot be applied to types 'boolean' and 'RegExp'.
src/routes/dashboard.ts(5658,30): error TS2365: Operator '<' cannot be applied to types 'boolean' and 'RegExp'.
src/routes/dashboard.ts(5658,30): error TS2365: Operator '<' cannot be applied to types 'boolean' and 'RegExp'.
src/routes/dashboard.ts(5658,30): error TS2365: Operator '<' cannot be applied to types 'boolean' and 'RegExp'.
src/routes/dashboard.ts(5658,30): error TS2365: Operator '<' cannot be applied to types 'boolean' and 'RegExp'.
src/routes/dashboard.ts(5659,22): error TS2304: Cannot find name 'dl'.
src/routes/dashboard.ts(5659,26): error TS2304: Cannot find name 'dt'.
src/routes/dashboard.ts(5659,29): error TS2304: Cannot find name 'Period'.
src/routes/dashboard.ts(5660,22): error TS2304: Cannot find name 'dl'.
src/routes/dashboard.ts(5660,26): error TS2304: Cannot find name 'dt'.
src/routes/dashboard.ts(5660,29): error TS2304: Cannot find name 'Computed'.
src/routes/dashboard.ts(5661,22): error TS2304: Cannot find name 'dl'.
src/routes/dashboard.ts(5661,26): error TS2304: Cannot find name 'dt'.
src/routes/dashboard.ts(5661,29): error TS2304: Cannot find name 'Base'.
src/routes/dashboard.ts(5662,22): error TS2304: Cannot find name 'dl'.
src/routes/dashboard.ts(5662,26): error TS2304: Cannot find name 'dt'.
src/routes/dashboard.ts(5662,29): error TS2304: Cannot find name 'Monthly'.
src/routes/dashboard.ts(5663,22): error TS2304: Cannot find name 'dl'.
src/routes/dashboard.ts(5663,26): error TS2304: Cannot find name 'dt'.
src/routes/dashboard.ts(5663,29): error TS2304: Cannot find name 'Deferred'.
src/routes/dashboard.ts(5664,22): error TS2304: Cannot find name 'dl'.
src/routes/dashboard.ts(5664,26): error TS2304: Cannot find name 'dt'.
src/routes/dashboard.ts(5664,29): error TS2304: Cannot find name 'Quarterly'.
src/routes/dashboard.ts(5665,22): error TS2304: Cannot find name 'dl'.
src/routes/dashboard.ts(5665,26): error TS2304: Cannot find name 'dt'.
src/routes/dashboard.ts(5665,29): error TS2304: Cannot find name 'KPI'.
src/routes/dashboard.ts(5666,22): error TS2304: Cannot find name 'dl'.
src/routes/dashboard.ts(5666,26): error TS2304: Cannot find name 'dt'.
src/routes/dashboard.ts(5666,29): error TS2304: Cannot find name 'Total'.
src/routes/dashboard.ts(5668,18): error TS2349: This expression is not callable.
  Type 'RegExp' has no call signatures.
src/routes/dashboard.ts(5676,22): error TS2304: Cannot find name 'tr'.
src/routes/dashboard.ts(5677,24): error TS2304: Cannot find name 'td'.
src/routes/dashboard.ts(5677,27): error TS2581: Cannot find name '$'. Do you need to install type definitions for jQuery? Try `npm i --save-dev @types/jquery`.
src/routes/dashboard.ts(5677,29): error TS2304: Cannot find name 'employee'.
src/routes/dashboard.ts(5677,39): error TS2304: Cannot find name 'div'.
src/routes/dashboard.ts(5677,56): error TS2581: Cannot find name '$'. Do you need to install type definitions for jQuery? Try `npm i --save-dev @types/jquery`.
src/routes/dashboard.ts(5677,58): error TS2304: Cannot find name 'email'.
src/routes/dashboard.ts(5678,24): error TS2304: Cannot find name 'td'.
src/routes/dashboard.ts(5678,27): error TS2581: Cannot find name '$'. Do you need to install type definitions for jQuery? Try `npm i --save-dev @types/jquery`.
src/routes/dashboard.ts(5678,29): error TS2552: Cannot find name 'formatCurrencyLocal'. Did you mean 'formatCurrency'?
src/routes/dashboard.ts(5678,49): error TS2304: Cannot find name 'line'.
src/routes/dashboard.ts(5679,24): error TS2304: Cannot find name 'td'.
src/routes/dashboard.ts(5679,27): error TS2581: Cannot find name '$'. Do you need to install type definitions for jQuery? Try `npm i --save-dev @types/jquery`.
src/routes/dashboard.ts(5679,29): error TS2552: Cannot find name 'formatCurrencyLocal'. Did you mean 'formatCurrency'?
src/routes/dashboard.ts(5679,49): error TS2304: Cannot find name 'line'.
src/routes/dashboard.ts(5680,24): error TS2304: Cannot find name 'td'.
src/routes/dashboard.ts(5680,27): error TS2581: Cannot find name '$'. Do you need to install type definitions for jQuery? Try `npm i --save-dev @types/jquery`.
src/routes/dashboard.ts(5680,29): error TS2552: Cannot find name 'formatCurrencyLocal'. Did you mean 'formatCurrency'?
src/routes/dashboard.ts(5680,49): error TS2304: Cannot find name 'line'.
src/routes/dashboard.ts(5681,24): error TS2304: Cannot find name 'td'.
src/routes/dashboard.ts(5681,27): error TS2581: Cannot find name '$'. Do you need to install type definitions for jQuery? Try `npm i --save-dev @types/jquery`.
src/routes/dashboard.ts(5681,29): error TS2552: Cannot find name 'formatCurrencyLocal'. Did you mean 'formatCurrency'?
src/routes/dashboard.ts(5681,49): error TS2304: Cannot find name 'line'.
src/routes/dashboard.ts(5682,24): error TS2304: Cannot find name 'td'.
src/routes/dashboard.ts(5682,27): error TS2581: Cannot find name '$'. Do you need to install type definitions for jQuery? Try `npm i --save-dev @types/jquery`.
src/routes/dashboard.ts(5682,29): error TS2552: Cannot find name 'formatCurrencyLocal'. Did you mean 'formatCurrency'?
src/routes/dashboard.ts(5682,49): error TS2304: Cannot find name 'line'.
src/routes/dashboard.ts(5683,24): error TS2304: Cannot find name 'td'.
src/routes/dashboard.ts(5683,27): error TS2581: Cannot find name '$'. Do you need to install type definitions for jQuery? Try `npm i --save-dev @types/jquery`.
src/routes/dashboard.ts(5683,29): error TS2552: Cannot find name 'formatCurrencyLocal'. Did you mean 'formatCurrency'?
src/routes/dashboard.ts(5683,49): error TS2304: Cannot find name 'line'.
src/routes/dashboard.ts(5684,22): error TS2349: This expression is not callable.
  Type 'RegExp' has no call signatures.
src/routes/dashboard.ts(5689,21): error TS2304: Cannot find name 'div'.
src/routes/dashboard.ts(5689,31): error TS2365: Operator '<' cannot be applied to types 'boolean' and 'RegExp'.
src/routes/dashboard.ts(5689,31): error TS2365: Operator '<' cannot be applied to types 'boolean' and 'RegExp'.
src/routes/dashboard.ts(5689,31): error TS2365: Operator '<' cannot be applied to types 'boolean' and 'RegExp'.
src/routes/dashboard.ts(5689,31): error TS2365: Operator '<' cannot be applied to types 'boolean' and 'RegExp'.
src/routes/dashboard.ts(5689,31): error TS2365: Operator '>' cannot be applied to types 'boolean' and 'string'.
src/routes/dashboard.ts(5689,47): error TS2304: Cannot find name 'table'.
src/routes/dashboard.ts(5689,54): error TS2304: Cannot find name 'thead'.
src/routes/dashboard.ts(5689,61): error TS2304: Cannot find name 'tr'.
src/routes/dashboard.ts(5689,65): error TS2304: Cannot find name 'th'.
src/routes/dashboard.ts(5689,68): error TS2304: Cannot find name 'Employee'.
src/routes/dashboard.ts(5689,95): error TS2304: Cannot find name 'th'.
src/routes/dashboard.ts(5689,98): error TS2304: Cannot find name 'Monthly'.
src/routes/dashboard.ts(5689,128): error TS2304: Cannot find name 'th'.
src/routes/dashboard.ts(5689,131): error TS2304: Cannot find name 'Quarterly'.
src/routes/dashboard.ts(5689,158): error TS2304: Cannot find name 'th'.
src/routes/dashboard.ts(5689,161): error TS2304: Cannot find name 'Total'.
src/routes/dashboard.ts(5656,22): error TS1005: ',' expected.
src/routes/dashboard.ts(5656,27): error TS1005: '{' expected.
src/routes/dashboard.ts(5657,32): error TS1161: Unterminated regular expression literal.
src/routes/dashboard.ts(5658,24): error TS1005: ';' expected.
src/routes/dashboard.ts(5658,29): error TS1005: '{' expected.
src/routes/dashboard.ts(5659,127): error TS1110: Type expected.
src/routes/dashboard.ts(5659,128): error TS1161: Unterminated regular expression literal.
src/routes/dashboard.ts(5660,119): error TS1110: Type expected.
src/routes/dashboard.ts(5660,120): error TS1161: Unterminated regular expression literal.
src/routes/dashboard.ts(5661,83): error TS1110: Type expected.
src/routes/dashboard.ts(5661,84): error TS1161: Unterminated regular expression literal.
src/routes/dashboard.ts(5662,99): error TS1110: Type expected.
src/routes/dashboard.ts(5662,100): error TS1161: Unterminated regular expression literal.
src/routes/dashboard.ts(5663,98): error TS1110: Type expected.
src/routes/dashboard.ts(5663,99): error TS1161: Unterminated regular expression literal.
src/routes/dashboard.ts(5664,103): error TS1110: Type expected.
src/routes/dashboard.ts(5664,104): error TS1161: Unterminated regular expression literal.
src/routes/dashboard.ts(5665,86): error TS1110: Type expected.
src/routes/dashboard.ts(5665,87): error TS1161: Unterminated regular expression literal.
src/routes/dashboard.ts(5666,91): error TS1110: Type expected.
src/routes/dashboard.ts(5666,92): error TS1161: Unterminated regular expression literal.
src/routes/dashboard.ts(5667,21): error TS1161: Unterminated regular expression literal.
src/routes/dashboard.ts(5668,19): error TS1161: Unterminated regular expression literal.
src/routes/dashboard.ts(5677,28): error TS1005: ';' expected.
src/routes/dashboard.ts(5677,43): error TS1005: '>' expected.
src/routes/dashboard.ts(5677,48): error TS1005: '{' expected.
src/routes/dashboard.ts(5677,57): error TS1005: ';' expected.
src/routes/dashboard.ts(5677,65): error TS1110: Type expected.
src/routes/dashboard.ts(5678,28): error TS1005: ';' expected.
src/routes/dashboard.ts(5678,67): error TS1110: Type expected.
src/routes/dashboard.ts(5678,68): error TS1161: Unterminated regular expression literal.
src/routes/dashboard.ts(5679,28): error TS1005: ';' expected.
src/routes/dashboard.ts(5679,74): error TS1110: Type expected.
src/routes/dashboard.ts(5679,75): error TS1161: Unterminated regular expression literal.
src/routes/dashboard.ts(5680,28): error TS1005: ';' expected.
src/routes/dashboard.ts(5680,72): error TS1110: Type expected.
src/routes/dashboard.ts(5680,73): error TS1161: Unterminated regular expression literal.
src/routes/dashboard.ts(5681,28): error TS1005: ';' expected.
src/routes/dashboard.ts(5681,76): error TS1110: Type expected.
src/routes/dashboard.ts(5681,77): error TS1161: Unterminated regular expression literal.
src/routes/dashboard.ts(5682,28): error TS1005: ';' expected.
src/routes/dashboard.ts(5682,65): error TS1110: Type expected.
src/routes/dashboard.ts(5682,66): error TS1161: Unterminated regular expression literal.
src/routes/dashboard.ts(5683,28): error TS1005: ';' expected.
src/routes/dashboard.ts(5683,68): error TS1110: Type expected.
src/routes/dashboard.ts(5683,69): error TS1161: Unterminated regular expression literal.
src/routes/dashboard.ts(5684,23): error TS1161: Unterminated regular expression literal.
src/routes/dashboard.ts(5689,25): error TS1005: ';' expected.
src/routes/dashboard.ts(5689,30): error TS1005: '{' expected.
src/routes/dashboard.ts(5689,177): error TS1110: Type expected.
src/routes/dashboard.ts(5689,211): error TS1110: Type expected.

    at createTSError (/Users/viv/attendance-system/attendance-system/server/node_modules/ts-node/src/index.ts:859:12)
    at reportTSError (/Users/viv/attendance-system/attendance-system/server/node_modules/ts-node/src/index.ts:863:19)
    at getOutput (/Users/viv/attendance-system/attendance-system/server/node_modules/ts-node/src/index.ts:1077:36)
    at Object.compile (/Users/viv/attendance-system/attendance-system/server/node_modules/ts-node/src/index.ts:1433:41)
    at Module.m._compile (/Users/viv/attendance-system/attendance-system/server/node_modules/ts-node/src/index.ts:1617:30)
    at node:internal/modules/cjs/loader:1839:10
    at Object.require.extensions.<computed> [as .ts] (/Users/viv/attendance-system/attendance-system/server/node_modules/ts-node/src/index.ts:1621:12)
    at Module.load (node:internal/modules/cjs/loader:1441:32)
    at Function._load (node:internal/modules/cjs/loader:1263:12)
    at TracingChannel.traceSync (node:diagnostics_channel:322:14) {
  diagnosticCodes: [
    2552, 2552, 7006, 2339, 2339, 7006, 2339, 2339, 7006, 7006,
    2339, 2339, 2304, 2365, 2304, 2552, 2304, 2365, 2365, 2365,
    2365, 2365, 2365, 2365, 2365, 2365, 2304, 2304, 2304, 2304,
    2304, 2304, 2304, 2304, 2304, 2304, 2304, 2304, 2304, 2304,
    2304, 2304, 2304, 2304, 2304, 2304, 2304, 2304, 2304, 2304,
    2349, 2304, 2304, 2581, 2304, 2304, 2581, 2304, 2304, 2581,
    2552, 2304, 2304, 2581, 2552, 2304, 2304, 2581, 2552, 2304,
    2304, 2581, 2552, 2304, 2304, 2581, 2552, 2304, 2304, 2581,
    2552, 2304, 2349, 2304, 2365, 2365, 2365, 2365, 2365, 2304,
    2304, 2304, 2304, 2304, 2304, 2304, 2304, 2304, 2304, 2304,
    ... 51 more items
  ]
}
[31m[nodemon] app crashed - waiting for file changes before starting...[39m
[32m[nodemon] restarting due to changes...[39m
[32m[nodemon] starting `ts-node src/index.ts`[39m
/Users/viv/attendance-system/attendance-system/server/node_modules/ts-node/src/index.ts:859
    return new TSError(diagnosticText, diagnosticCodes, diagnostics);
           ^
TSError: тип Unable to compile TypeScript:
src/routes/dashboard.ts(4574,5): error TS2552: Cannot find name 'listEmployeeConfigs'. Did you mean 'upsertEmployeeConfig'?
src/routes/dashboard.ts(4575,5): error TS2552: Cannot find name 'listHolidays'. Did you mean 'holidays'?
src/routes/dashboard.ts(4586,49): error TS7006: Parameter 'employee' implicitly has an 'any' type.
src/routes/dashboard.ts(4601,20): error TS2339: Property 'name' does not exist on type '{}'.
src/routes/dashboard.ts(4601,53): error TS2339: Property 'name' does not exist on type '{}'.
src/routes/dashboard.ts(4620,11): error TS7006: Parameter 'period' implicitly has an 'any' type.
src/routes/dashboard.ts(4752,36): error TS2339: Property 'name' does not exist on type '{}'.
src/routes/dashboard.ts(4753,54): error TS2339: Property 'email' does not exist on type '{}'.
src/routes/dashboard.ts(4796,11): error TS7006: Parameter 'holiday' implicitly has an 'any' type.
src/routes/dashboard.ts(4837,23): error TS7006: Parameter 'employee' implicitly has an 'any' type.
src/routes/dashboard.ts(4894,40): error TS2339: Property 'name' does not exist on type '{}'.
src/routes/dashboard.ts(4895,58): error TS2339: Property 'email' does not exist on type '{}'.
src/routes/dashboard.ts(5656,18): error TS2304: Cannot find name 'div'.
src/routes/dashboard.ts(5656,28): error TS2365: Operator '<' cannot be applied to types 'boolean' and 'RegExp'.
src/routes/dashboard.ts(5657,20): error TS2304: Cannot find name 'h3'.
src/routes/dashboard.ts(5657,23): error TS2304: Cannot find name 'Summary'.
src/routes/dashboard.ts(5658,20): error TS2304: Cannot find name 'div'.
src/routes/dashboard.ts(5658,30): error TS2365: Operator '<' cannot be applied to types 'boolean' and 'RegExp'.
src/routes/dashboard.ts(5659,22): error TS2304: Cannot find name 'dl'.
src/routes/dashboard.ts(5659,26): error TS2304: Cannot find name 'dt'.
src/routes/dashboard.ts(5659,29): error TS2304: Cannot find name 'Period'.
src/routes/dashboard.ts(5660,24): error TS2581: Cannot find name '$'. Do you need to install type definitions for jQuery? Try `npm i --save-dev @types/jquery`.
src/routes/dashboard.ts(5660,26): error TS2304: Cannot find name 'formatDateLocal'.
src/routes/dashboard.ts(5660,42): error TS2304: Cannot find name 'period'.
src/routes/dashboard.ts(5660,66): error TS2581: Cannot find name '$'. Do you need to install type definitions for jQuery? Try `npm i --save-dev @types/jquery`.
src/routes/dashboard.ts(5660,68): error TS2304: Cannot find name 'formatDateLocal'.
src/routes/dashboard.ts(5660,84): error TS2304: Cannot find name 'period'.
src/routes/dashboard.ts(5661,21): error TS2365: Operator '<' cannot be applied to types 'boolean' and 'RegExp'.
src/routes/dashboard.ts(5661,21): error TS2365: Operator '<' cannot be applied to types 'boolean' and 'RegExp'.
src/routes/dashboard.ts(5661,21): error TS2365: Operator '<' cannot be applied to types 'boolean' and 'RegExp'.
src/routes/dashboard.ts(5661,21): error TS2365: Operator '<' cannot be applied to types 'boolean' and 'RegExp'.
src/routes/dashboard.ts(5661,21): error TS2365: Operator '<' cannot be applied to types 'boolean' and 'RegExp'.
src/routes/dashboard.ts(5661,21): error TS2365: Operator '<' cannot be applied to types 'boolean' and 'RegExp'.
src/routes/dashboard.ts(5661,21): error TS2365: Operator '<' cannot be applied to types 'boolean' and 'RegExp'.
src/routes/dashboard.ts(5661,21): error TS2365: Operator '<' cannot be applied to types 'boolean' and 'RegExp'.
src/routes/dashboard.ts(5662,22): error TS2304: Cannot find name 'dl'.
src/routes/dashboard.ts(5662,26): error TS2304: Cannot find name 'dt'.
src/routes/dashboard.ts(5662,29): error TS2304: Cannot find name 'Computed'.
src/routes/dashboard.ts(5663,22): error TS2304: Cannot find name 'dl'.
src/routes/dashboard.ts(5663,26): error TS2304: Cannot find name 'dt'.
src/routes/dashboard.ts(5663,29): error TS2304: Cannot find name 'Base'.
src/routes/dashboard.ts(5664,22): error TS2304: Cannot find name 'dl'.
src/routes/dashboard.ts(5664,26): error TS2304: Cannot find name 'dt'.
src/routes/dashboard.ts(5664,29): error TS2304: Cannot find name 'Monthly'.
src/routes/dashboard.ts(5665,22): error TS2304: Cannot find name 'dl'.
src/routes/dashboard.ts(5665,26): error TS2304: Cannot find name 'dt'.
src/routes/dashboard.ts(5665,29): error TS2304: Cannot find name 'Deferred'.
src/routes/dashboard.ts(5666,22): error TS2304: Cannot find name 'dl'.
src/routes/dashboard.ts(5666,26): error TS2304: Cannot find name 'dt'.
src/routes/dashboard.ts(5666,29): error TS2304: Cannot find name 'Quarterly'.
src/routes/dashboard.ts(5667,22): error TS2304: Cannot find name 'dl'.
src/routes/dashboard.ts(5667,26): error TS2304: Cannot find name 'dt'.
src/routes/dashboard.ts(5667,29): error TS2304: Cannot find name 'KPI'.
src/routes/dashboard.ts(5668,22): error TS2304: Cannot find name 'dl'.
src/routes/dashboard.ts(5668,26): error TS2304: Cannot find name 'dt'.
src/routes/dashboard.ts(5668,29): error TS2304: Cannot find name 'Total'.
src/routes/dashboard.ts(5670,18): error TS2349: This expression is not callable.
  Type 'RegExp' has no call signatures.
src/routes/dashboard.ts(5678,22): error TS2304: Cannot find name 'tr'.
src/routes/dashboard.ts(5679,24): error TS2304: Cannot find name 'td'.
src/routes/dashboard.ts(5679,28): error TS2581: Cannot find name '$'. Do you need to install type definitions for jQuery? Try `npm i --save-dev @types/jquery`.
src/routes/dashboard.ts(5679,30): error TS2304: Cannot find name 'employee'.
src/routes/dashboard.ts(5679,40): error TS2304: Cannot find name 'div'.
src/routes/dashboard.ts(5679,58): error TS2581: Cannot find name '$'. Do you need to install type definitions for jQuery? Try `npm i --save-dev @types/jquery`.
src/routes/dashboard.ts(5679,60): error TS2304: Cannot find name 'email'.
src/routes/dashboard.ts(5680,24): error TS2304: Cannot find name 'td'.
src/routes/dashboard.ts(5680,28): error TS2581: Cannot find name '$'. Do you need to install type definitions for jQuery? Try `npm i --save-dev @types/jquery`.
src/routes/dashboard.ts(5680,30): error TS2552: Cannot find name 'formatCurrencyLocal'. Did you mean 'formatCurrency'?
src/routes/dashboard.ts(5680,50): error TS2304: Cannot find name 'line'.
src/routes/dashboard.ts(5681,24): error TS2304: Cannot find name 'td'.
src/routes/dashboard.ts(5681,24): error TS2635: Type 'RegExp' has no signatures for which the type argument list is applicable.
src/routes/dashboard.ts(5681,28): error TS2581: Cannot find name '$'. Do you need to install type definitions for jQuery? Try `npm i --save-dev @types/jquery`.
src/routes/dashboard.ts(5681,30): error TS2552: Cannot find name 'formatCurrencyLocal'. Did you mean 'formatCurrency'?
src/routes/dashboard.ts(5681,50): error TS2304: Cannot find name 'line'.
src/routes/dashboard.ts(5682,24): error TS2304: Cannot find name 'td'.
src/routes/dashboard.ts(5682,24): error TS2635: Type 'RegExp' has no signatures for which the type argument list is applicable.
src/routes/dashboard.ts(5682,28): error TS2581: Cannot find name '$'. Do you need to install type definitions for jQuery? Try `npm i --save-dev @types/jquery`.
src/routes/dashboard.ts(5682,30): error TS2552: Cannot find name 'formatCurrencyLocal'. Did you mean 'formatCurrency'?
src/routes/dashboard.ts(5682,50): error TS2304: Cannot find name 'line'.
src/routes/dashboard.ts(5683,24): error TS2304: Cannot find name 'td'.
src/routes/dashboard.ts(5683,24): error TS2635: Type 'RegExp' has no signatures for which the type argument list is applicable.
src/routes/dashboard.ts(5683,28): error TS2581: Cannot find name '$'. Do you need to install type definitions for jQuery? Try `npm i --save-dev @types/jquery`.
src/routes/dashboard.ts(5683,30): error TS2552: Cannot find name 'formatCurrencyLocal'. Did you mean 'formatCurrency'?
src/routes/dashboard.ts(5683,50): error TS2304: Cannot find name 'line'.
src/routes/dashboard.ts(5684,24): error TS2304: Cannot find name 'td'.
src/routes/dashboard.ts(5684,24): error TS2635: Type 'RegExp' has no signatures for which the type argument list is applicable.
src/routes/dashboard.ts(5684,28): error TS2581: Cannot find name '$'. Do you need to install type definitions for jQuery? Try `npm i --save-dev @types/jquery`.
src/routes/dashboard.ts(5684,30): error TS2552: Cannot find name 'formatCurrencyLocal'. Did you mean 'formatCurrency'?
src/routes/dashboard.ts(5684,50): error TS2304: Cannot find name 'line'.
src/routes/dashboard.ts(5685,24): error TS2304: Cannot find name 'td'.
src/routes/dashboard.ts(5685,24): error TS2635: Type 'RegExp' has no signatures for which the type argument list is applicable.
src/routes/dashboard.ts(5685,28): error TS2581: Cannot find name '$'. Do you need to install type definitions for jQuery? Try `npm i --save-dev @types/jquery`.
src/routes/dashboard.ts(5685,30): error TS2552: Cannot find name 'formatCurrencyLocal'. Did you mean 'formatCurrency'?
src/routes/dashboard.ts(5685,50): error TS2304: Cannot find name 'line'.
src/routes/dashboard.ts(5686,22): error TS2349: This expression is not callable.
  Type 'RegExp' has no call signatures.
src/routes/dashboard.ts(5691,21): error TS2304: Cannot find name 'div'.
src/routes/dashboard.ts(5691,31): error TS2365: Operator '<' cannot be applied to types 'boolean' and 'RegExp'.
src/routes/dashboard.ts(5691,31): error TS2365: Operator '<' cannot be applied to types 'boolean' and 'RegExp'.
src/routes/dashboard.ts(5691,31): error TS2365: Operator '<' cannot be applied to types 'boolean' and 'RegExp'.
src/routes/dashboard.ts(5691,31): error TS2365: Operator '<' cannot be applied to types 'boolean' and 'RegExp'.
src/routes/dashboard.ts(5691,31): error TS2365: Operator '>' cannot be applied to types 'boolean' and 'string'.
src/routes/dashboard.ts(5691,47): error TS2304: Cannot find name 'table'.
src/routes/dashboard.ts(5691,54): error TS2304: Cannot find name 'thead'.
src/routes/dashboard.ts(5691,61): error TS2304: Cannot find name 'tr'.
src/routes/dashboard.ts(5691,65): error TS2304: Cannot find name 'th'.
src/routes/dashboard.ts(5691,68): error TS2304: Cannot find name 'Employee'.
src/routes/dashboard.ts(5691,95): error TS2304: Cannot find name 'th'.
src/routes/dashboard.ts(5691,98): error TS2304: Cannot find name 'Monthly'.
src/routes/dashboard.ts(5691,128): error TS2304: Cannot find name 'th'.
src/routes/dashboard.ts(5691,131): error TS2304: Cannot find name 'Quarterly'.
src/routes/dashboard.ts(5691,158): error TS2304: Cannot find name 'th'.
src/routes/dashboard.ts(5691,161): error TS2304: Cannot find name 'Total'.
src/routes/dashboard.ts(5656,22): error TS1005: ',' expected.
src/routes/dashboard.ts(5656,27): error TS1005: '{' expected.
src/routes/dashboard.ts(5657,32): error TS1161: Unterminated regular expression literal.
src/routes/dashboard.ts(5658,24): error TS1005: ';' expected.
src/routes/dashboard.ts(5658,29): error TS1005: '{' expected.
src/routes/dashboard.ts(5659,37): error TS1161: Unterminated regular expression literal.
src/routes/dashboard.ts(5660,23): error TS1127: Invalid character.
src/routes/dashboard.ts(5660,24): error TS1434: Unexpected keyword or identifier.
src/routes/dashboard.ts(5660,63): error TS1127: Invalid character.
src/routes/dashboard.ts(5660,65): error TS1127: Invalid character.
src/routes/dashboard.ts(5660,66): error TS1434: Unexpected keyword or identifier.
src/routes/dashboard.ts(5661,22): error TS1110: Type expected.
src/routes/dashboard.ts(5662,120): error TS1110: Type expected.
src/routes/dashboard.ts(5662,121): error TS1161: Unterminated regular expression literal.
src/routes/dashboard.ts(5663,84): error TS1110: Type expected.
src/routes/dashboard.ts(5663,85): error TS1161: Unterminated regular expression literal.
src/routes/dashboard.ts(5664,100): error TS1110: Type expected.
src/routes/dashboard.ts(5664,101): error TS1161: Unterminated regular expression literal.
src/routes/dashboard.ts(5665,99): error TS1110: Type expected.
src/routes/dashboard.ts(5665,100): error TS1161: Unterminated regular expression literal.
src/routes/dashboard.ts(5666,104): error TS1110: Type expected.
src/routes/dashboard.ts(5666,105): error TS1161: Unterminated regular expression literal.
src/routes/dashboard.ts(5667,87): error TS1110: Type expected.
src/routes/dashboard.ts(5667,88): error TS1161: Unterminated regular expression literal.
src/routes/dashboard.ts(5668,92): error TS1110: Type expected.
src/routes/dashboard.ts(5668,93): error TS1161: Unterminated regular expression literal.
src/routes/dashboard.ts(5669,21): error TS1161: Unterminated regular expression literal.
src/routes/dashboard.ts(5670,19): error TS1161: Unterminated regular expression literal.
src/routes/dashboard.ts(5679,27): error TS1127: Invalid character.
src/routes/dashboard.ts(5679,28): error TS1434: Unexpected keyword or identifier.
src/routes/dashboard.ts(5679,44): error TS1005: '>' expected.
src/routes/dashboard.ts(5679,49): error TS1005: '{' expected.
src/routes/dashboard.ts(5679,57): error TS1127: Invalid character.
src/routes/dashboard.ts(5679,58): error TS1434: Unexpected keyword or identifier.
src/routes/dashboard.ts(5679,67): error TS1110: Type expected.
src/routes/dashboard.ts(5680,27): error TS1127: Invalid character.
src/routes/dashboard.ts(5680,28): error TS1434: Unexpected keyword or identifier.
src/routes/dashboard.ts(5680,68): error TS1110: Type expected.
src/routes/dashboard.ts(5680,69): error TS1161: Unterminated regular expression literal.
src/routes/dashboard.ts(5681,27): error TS1127: Invalid character.
src/routes/dashboard.ts(5681,28): error TS1434: Unexpected keyword or identifier.
src/routes/dashboard.ts(5681,75): error TS1110: Type expected.
src/routes/dashboard.ts(5681,76): error TS1161: Unterminated regular expression literal.
src/routes/dashboard.ts(5682,27): error TS1127: Invalid character.
src/routes/dashboard.ts(5682,28): error TS1434: Unexpected keyword or identifier.
src/routes/dashboard.ts(5682,73): error TS1110: Type expected.
src/routes/dashboard.ts(5682,74): error TS1161: Unterminated regular expression literal.
src/routes/dashboard.ts(5683,27): error TS1127: Invalid character.
src/routes/dashboard.ts(5683,28): error TS1434: Unexpected keyword or identifier.
src/routes/dashboard.ts(5683,77): error TS1110: Type expected.
src/routes/dashboard.ts(5683,78): error TS1161: Unterminated regular expression literal.
src/routes/dashboard.ts(5684,27): error TS1127: Invalid character.
src/routes/dashboard.ts(5684,28): error TS1434: Unexpected keyword or identifier.
src/routes/dashboard.ts(5684,66): error TS1110: Type expected.
src/routes/dashboard.ts(5684,67): error TS1161: Unterminated regular expression literal.
src/routes/dashboard.ts(5685,27): error TS1127: Invalid character.
src/routes/dashboard.ts(5685,28): error TS1434: Unexpected keyword or identifier.
src/routes/dashboard.ts(5685,69): error TS1110: Type expected.
src/routes/dashboard.ts(5685,70): error TS1161: Unterminated regular expression literal.
src/routes/dashboard.ts(5686,23): error TS1161: Unterminated regular expression literal.
src/routes/dashboard.ts(5691,25): error TS1005: ';' expected.
src/routes/dashboard.ts(5691,30): error TS1005: '{' expected.
src/routes/dashboard.ts(5691,177): error TS1110: Type expected.
src/routes/dashboard.ts(5691,212): error TS1110: Type expected.

    at createTSError (/Users/viv/attendance-system/attendance-system/server/node_modules/ts-node/src/index.ts:859:12)
    at reportTSError (/Users/viv/attendance-system/attendance-system/server/node_modules/ts-node/src/index.ts:863:19)
    at getOutput (/Users/viv/attendance-system/attendance-system/server/node_modules/ts-node/src/index.ts:1077:36)
    at Object.compile (/Users/viv/attendance-system/attendance-system/server/node_modules/ts-node/src/index.ts:1433:41)
    at Module.m._compile (/Users/viv/attendance-system/attendance-system/server/node_modules/ts-node/src/index.ts:1617:30)
    at node:internal/modules/cjs/loader:1839:10
    at Object.require.extensions.<computed> [as .ts] (/Users/viv/attendance-system/attendance-system/server/node_modules/ts-node/src/index.ts:1621:12)
    at Module.load (node:internal/modules/cjs/loader:1441:32)
    at Function._load (node:internal/modules/cjs/loader:1263:12)
    at TracingChannel.traceSync (node:diagnostics_channel:322:14) {
  diagnosticCodes: [
    2552, 2552, 7006, 2339, 2339, 7006, 2339, 2339, 7006, 7006,
    2339, 2339, 2304, 2365, 2304, 2304, 2304, 2365, 2304, 2304,
    2304, 2581, 2304, 2304, 2581, 2304, 2304, 2365, 2365, 2365,
    2365, 2365, 2365, 2365, 2365, 2304, 2304, 2304, 2304, 2304,
    2304, 2304, 2304, 2304, 2304, 2304, 2304, 2304, 2304, 2304,
    2304, 2304, 2304, 2304, 2304, 2304, 2349, 2304, 2304, 2581,
    2304, 2304, 2581, 2304, 2304, 2581, 2552, 2304, 2304, 2635,
    2581, 2552, 2304, 2304, 2635, 2581, 2552, 2304, 2304, 2635,
    2581, 2552, 2304, 2304, 2635, 2581, 2552, 2304, 2304, 2635,
    2581, 2552, 2304, 2349, 2304, 2365, 2365, 2365, 2365, 2365,
    ... 75 more items
  ]
}
[31m[nodemon] app crashed - waiting for file changes before starting...[39m
[32m[nodemon] restarting due to changes...[39m
[32m[nodemon] starting `ts-node src/index.ts`[39m
/Users/viv/attendance-system/attendance-system/server/node_modules/ts-node/src/index.ts:859
    return new TSError(diagnosticText, diagnosticCodes, diagnostics);
           ^
TSError: тип Unable to compile TypeScript:
src/routes/dashboard.ts(4574,5): error TS2552: Cannot find name 'listEmployeeConfigs'. Did you mean 'upsertEmployeeConfig'?
src/routes/dashboard.ts(4575,5): error TS2552: Cannot find name 'listHolidays'. Did you mean 'holidays'?
src/routes/dashboard.ts(4586,49): error TS7006: Parameter 'employee' implicitly has an 'any' type.
src/routes/dashboard.ts(4601,20): error TS2339: Property 'name' does not exist on type '{}'.
src/routes/dashboard.ts(4601,53): error TS2339: Property 'name' does not exist on type '{}'.
src/routes/dashboard.ts(4620,11): error TS7006: Parameter 'period' implicitly has an 'any' type.
src/routes/dashboard.ts(4752,36): error TS2339: Property 'name' does not exist on type '{}'.
src/routes/dashboard.ts(4753,54): error TS2339: Property 'email' does not exist on type '{}'.
src/routes/dashboard.ts(4796,11): error TS7006: Parameter 'holiday' implicitly has an 'any' type.
src/routes/dashboard.ts(4837,23): error TS7006: Parameter 'employee' implicitly has an 'any' type.
src/routes/dashboard.ts(4894,40): error TS2339: Property 'name' does not exist on type '{}'.
src/routes/dashboard.ts(4895,58): error TS2339: Property 'email' does not exist on type '{}'.
src/routes/dashboard.ts(5672,43): error TS2552: Cannot find name 'period'. Did you mean 'periods'?
src/routes/dashboard.ts(5672,59): error TS2552: Cannot find name 'period'. Did you mean 'periods'?
src/routes/dashboard.ts(5674,23): error TS7006: Parameter 'line' implicitly has an 'any' type.
src/routes/dashboard.ts(5677,26): error TS1127: Invalid character.
src/routes/dashboard.ts(5691,19): error TS1127: Invalid character.
src/routes/dashboard.ts(5691,20): error TS1134: Variable declaration expected.

    at createTSError (/Users/viv/attendance-system/attendance-system/server/node_modules/ts-node/src/index.ts:859:12)
    at reportTSError (/Users/viv/attendance-system/attendance-system/server/node_modules/ts-node/src/index.ts:863:19)
    at getOutput (/Users/viv/attendance-system/attendance-system/server/node_modules/ts-node/src/index.ts:1077:36)
    at Object.compile (/Users/viv/attendance-system/attendance-system/server/node_modules/ts-node/src/index.ts:1433:41)
    at Module.m._compile (/Users/viv/attendance-system/attendance-system/server/node_modules/ts-node/src/index.ts:1617:30)
    at node:internal/modules/cjs/loader:1839:10
    at Object.require.extensions.<computed> [as .ts] (/Users/viv/attendance-system/attendance-system/server/node_modules/ts-node/src/index.ts:1621:12)
    at Module.load (node:internal/modules/cjs/loader:1441:32)
    at Function._load (node:internal/modules/cjs/loader:1263:12)
    at TracingChannel.traceSync (node:diagnostics_channel:322:14) {
  diagnosticCodes: [
    2552, 2552, 7006, 2339,
    2339, 7006, 2339, 2339,
    7006, 7006, 2339, 2339,
    2552, 2552, 7006, 1127,
    1127, 1134
  ]
}
[31m[nodemon] app crashed - waiting for file changes before starting...[39m
[32m[nodemon] restarting due to changes...[39m
[32m[nodemon] starting `ts-node src/index.ts`[39m
/Users/viv/attendance-system/attendance-system/server/node_modules/ts-node/src/index.ts:859
    return new TSError(diagnosticText, diagnosticCodes, diagnostics);
           ^
TSError: тип Unable to compile TypeScript:
src/routes/dashboard.ts(4574,5): error TS2552: Cannot find name 'listEmployeeConfigs'. Did you mean 'upsertEmployeeConfig'?
src/routes/dashboard.ts(4575,5): error TS2552: Cannot find name 'listHolidays'. Did you mean 'holidays'?
src/routes/dashboard.ts(4586,49): error TS7006: Parameter 'employee' implicitly has an 'any' type.
src/routes/dashboard.ts(4601,20): error TS2339: Property 'name' does not exist on type '{}'.
src/routes/dashboard.ts(4601,53): error TS2339: Property 'name' does not exist on type '{}'.
src/routes/dashboard.ts(4620,11): error TS7006: Parameter 'period' implicitly has an 'any' type.
src/routes/dashboard.ts(4752,36): error TS2339: Property 'name' does not exist on type '{}'.
src/routes/dashboard.ts(4753,54): error TS2339: Property 'email' does not exist on type '{}'.
src/routes/dashboard.ts(4796,11): error TS7006: Parameter 'holiday' implicitly has an 'any' type.
src/routes/dashboard.ts(4837,23): error TS7006: Parameter 'employee' implicitly has an 'any' type.
src/routes/dashboard.ts(4894,40): error TS2339: Property 'name' does not exist on type '{}'.
src/routes/dashboard.ts(4895,58): error TS2339: Property 'email' does not exist on type '{}'.

    at createTSError (/Users/viv/attendance-system/attendance-system/server/node_modules/ts-node/src/index.ts:859:12)
    at reportTSError (/Users/viv/attendance-system/attendance-system/server/node_modules/ts-node/src/index.ts:863:19)
    at getOutput (/Users/viv/attendance-system/attendance-system/server/node_modules/ts-node/src/index.ts:1077:36)
    at Object.compile (/Users/viv/attendance-system/attendance-system/server/node_modules/ts-node/src/index.ts:1433:41)
    at Module.m._compile (/Users/viv/attendance-system/attendance-system/server/node_modules/ts-node/src/index.ts:1617:30)
    at node:internal/modules/cjs/loader:1839:10
    at Object.require.extensions.<computed> [as .ts] (/Users/viv/attendance-system/attendance-system/server/node_modules/ts-node/src/index.ts:1621:12)
    at Module.load (node:internal/modules/cjs/loader:1441:32)
    at Function._load (node:internal/modules/cjs/loader:1263:12)
    at TracingChannel.traceSync (node:diagnostics_channel:322:14) {
  diagnosticCodes: [
    2552, 2552, 7006,
    2339, 2339, 7006,
    2339, 2339, 7006,
    7006, 2339, 2339
  ]
}
[31m[nodemon] app crashed - waiting for file changes before starting...[39m
[32m[nodemon] restarting due to changes...[39m
[32m[nodemon] starting `ts-node src/index.ts`[39m
{"level":30,"time":1759208351058,"pid":85972,"hostname":"Viviannes-MacBook-Air.local","msg":"Skipping sqlite backups: DATABASE_URL is not a file: path"}
{"level":30,"time":1759208351060,"pid":85972,"hostname":"Viviannes-MacBook-Air.local","msg":"Server listening on port 4000"}
[32m[nodemon] restarting due to changes...[39m
[32m[nodemon] starting `ts-node src/index.ts`[39m
/Users/viv/attendance-system/attendance-system/server/node_modules/ts-node/src/index.ts:859
    return new TSError(diagnosticText, diagnosticCodes, diagnostics);
           ^
TSError: тип Unable to compile TypeScript:
src/routes/dashboard.ts(4618,16): error TS2551: Property 'approvedBy' does not exist on type '{ id: number; periodKey: string; periodStart: Date; periodEnd: Date; payDate: Date; status: string; totals: JsonValue; computedAt: Date; approvedAt: Date | null; approvedById: number | null; paidAt: Date | null; paidById: number | null; }'. Did you mean 'approvedById'?
src/routes/dashboard.ts(4620,42): error TS2551: Property 'approvedBy' does not exist on type '{ id: number; periodKey: string; periodStart: Date; periodEnd: Date; payDate: Date; status: string; totals: JsonValue; computedAt: Date; approvedAt: Date | null; approvedById: number | null; paidAt: Date | null; paidById: number | null; }'. Did you mean 'approvedById'?
src/routes/dashboard.ts(4623,16): error TS2551: Property 'paidBy' does not exist on type '{ id: number; periodKey: string; periodStart: Date; periodEnd: Date; payDate: Date; status: string; totals: JsonValue; computedAt: Date; approvedAt: Date | null; approvedById: number | null; paidAt: Date | null; paidById: number | null; }'. Did you mean 'paidById'?
src/routes/dashboard.ts(4624,47): error TS2551: Property 'paidBy' does not exist on type '{ id: number; periodKey: string; periodStart: Date; periodEnd: Date; payDate: Date; status: string; totals: JsonValue; computedAt: Date; approvedAt: Date | null; approvedById: number | null; paidAt: Date | null; paidById: number | null; }'. Did you mean 'paidById'?
src/routes/dashboard.ts(4647,33): error TS2339: Property '_count' does not exist on type '{ id: number; periodKey: string; periodStart: Date; periodEnd: Date; payDate: Date; status: string; totals: JsonValue; computedAt: Date; approvedAt: Date | null; approvedById: number | null; paidAt: Date | null; paidById: number | null; }'.

    at createTSError (/Users/viv/attendance-system/attendance-system/server/node_modules/ts-node/src/index.ts:859:12)
    at reportTSError (/Users/viv/attendance-system/attendance-system/server/node_modules/ts-node/src/index.ts:863:19)
    at getOutput (/Users/viv/attendance-system/attendance-system/server/node_modules/ts-node/src/index.ts:1077:36)
    at Object.compile (/Users/viv/attendance-system/attendance-system/server/node_modules/ts-node/src/index.ts:1433:41)
    at Module.m._compile (/Users/viv/attendance-system/attendance-system/server/node_modules/ts-node/src/index.ts:1617:30)
    at node:internal/modules/cjs/loader:1839:10
    at Object.require.extensions.<computed> [as .ts] (/Users/viv/attendance-system/attendance-system/server/node_modules/ts-node/src/index.ts:1621:12)
    at Module.load (node:internal/modules/cjs/loader:1441:32)
    at Function._load (node:internal/modules/cjs/loader:1263:12)
    at TracingChannel.traceSync (node:diagnostics_channel:322:14) {
  diagnosticCodes: [ 2551, 2551, 2551, 2551, 2339 ]
}
[31m[nodemon] app crashed - waiting for file changes before starting...[39m
[32m[nodemon] restarting due to changes...[39m
[32m[nodemon] starting `ts-node src/index.ts`[39m
{"level":30,"time":1759208412895,"pid":86148,"hostname":"Viviannes-MacBook-Air.local","msg":"Skipping sqlite backups: DATABASE_URL is not a file: path"}
{"level":30,"time":1759208412896,"pid":86148,"hostname":"Viviannes-MacBook-Air.local","msg":"Server listening on port 4000"}
{"level":30,"time":1759211293179,"pid":86148,"hostname":"Viviannes-MacBook-Air.local","ts":"2025-09-30T05:48:13.179Z","reqId":"1758f70b-7d97-4e4e-b1d3-bf3ed2f62ff5","method":"GET","url":"/dashboard/payroll","status":200,"userId":1,"sessionId":null,"msg":"request_trace"}
{"level":30,"time":1759211293183,"pid":86148,"hostname":"Viviannes-MacBook-Air.local","req":{"id":"66336ce7-b47e-43c7-9eef-2fd417016f38","method":"GET","url":"/dashboard/payroll","query":{},"params":{},"headers":{"host":"127.0.0.1:4000","connection":"keep-alive","sec-ch-ua":"\"Chromium\";v=\"140\", \"Not=A?Brand\";v=\"24\", \"Google Chrome\";v=\"140\"","sec-ch-ua-mobile":"?0","sec-ch-ua-platform":"\"macOS\"","upgrade-insecure-requests":"1","user-agent":"Mozilla/5.0 (Macintosh; Intel Mac OS X 10_15_7) AppleWebKit/537.36 (KHTML, like Gecko) Chrome/140.0.0.0 Safari/537.36","accept":"text/html,application/xhtml+xml,application/xml;q=0.9,image/avif,image/webp,image/apng,*/*;q=0.8,application/signed-exchange;v=b3;q=0.7","sec-fetch-site":"none","sec-fetch-mode":"navigate","sec-fetch-user":"?1","sec-fetch-dest":"document","accept-encoding":"gzip, deflate, br, zstd","accept-language":"en-US,en;q=0.9","cookie":"attendance_dashboard_token=eyJhbGciOiJIUzI1NiIsInR5cCI6IkpXVCJ9.eyJzdWIiOjEsInJvbGUiOiJhZG1pbiIsInNjb3BlIjoiZnVsbCIsInR5cCI6ImFjY2VzcyIsImlhdCI6MTc1OTE3Mjk0NywiZXhwIjoxNzU5MjE2MTQ3fQ.HPjapNdIVngmXiJUdnaDIWzrm8QDLj7_IELJgVUBZZM","if-none-match":"W/\"4f33-M1aLsIGY3NYgfiWFGDOElESIYnU\""},"remoteAddress":"::ffff:127.0.0.1","remotePort":64209},"reqId":"66336ce7-b47e-43c7-9eef-2fd417016f38","userId":null,"sessionId":null,"reqId":"66336ce7-b47e-43c7-9eef-2fd417016f38","userId":1,"sessionId":null,"res":{"statusCode":200,"headers":{"x-powered-by":"Express","access-control-allow-origin":"*","x-debug-req":"1758f70b-7d97-4e4e-b1d3-bf3ed2f62ff5","content-type":"text/html; charset=utf-8","content-length":"60252","etag":"W/\"eb5c-YzN8x5BjP8YY7SGcK/oIU8Dmr4A\""}},"responseTime":96,"msg":"request completed"}
{"level":30,"time":1759211310582,"pid":86148,"hostname":"Viviannes-MacBook-Air.local","ts":"2025-09-30T05:48:30.582Z","reqId":"6d4ab009-6ffe-47b7-a51a-322e90890f1a","method":"GET","url":"/dashboard/payroll?factsMonth=2025-09&bonusDate=2025-09-30&employeeId=","status":200,"userId":1,"sessionId":null,"msg":"request_trace"}
{"level":30,"time":1759211310583,"pid":86148,"hostname":"Viviannes-MacBook-Air.local","req":{"id":"1fc26146-04dd-463c-9ed9-819a571b9918","method":"GET","url":"/dashboard/payroll?factsMonth=2025-09&bonusDate=2025-09-30&employeeId=","query":{"factsMonth":"2025-09","bonusDate":"2025-09-30","employeeId":""},"params":{},"headers":{"host":"127.0.0.1:4000","connection":"keep-alive","sec-ch-ua":"\"Chromium\";v=\"140\", \"Not=A?Brand\";v=\"24\", \"Google Chrome\";v=\"140\"","sec-ch-ua-mobile":"?0","sec-ch-ua-platform":"\"macOS\"","upgrade-insecure-requests":"1","user-agent":"Mozilla/5.0 (Macintosh; Intel Mac OS X 10_15_7) AppleWebKit/537.36 (KHTML, like Gecko) Chrome/140.0.0.0 Safari/537.36","accept":"text/html,application/xhtml+xml,application/xml;q=0.9,image/avif,image/webp,image/apng,*/*;q=0.8,application/signed-exchange;v=b3;q=0.7","sec-fetch-site":"same-origin","sec-fetch-mode":"navigate","sec-fetch-user":"?1","sec-fetch-dest":"document","referer":"http://127.0.0.1:4000/dashboard/payroll","accept-encoding":"gzip, deflate, br, zstd","accept-language":"en-US,en;q=0.9","cookie":"attendance_dashboard_token=eyJhbGciOiJIUzI1NiIsInR5cCI6IkpXVCJ9.eyJzdWIiOjEsInJvbGUiOiJhZG1pbiIsInNjb3BlIjoiZnVsbCIsInR5cCI6ImFjY2VzcyIsImlhdCI6MTc1OTE3Mjk0NywiZXhwIjoxNzU5MjE2MTQ3fQ.HPjapNdIVngmXiJUdnaDIWzrm8QDLj7_IELJgVUBZZM"},"remoteAddress":"::ffff:127.0.0.1","remotePort":64210},"reqId":"1fc26146-04dd-463c-9ed9-819a571b9918","userId":null,"sessionId":null,"reqId":"1fc26146-04dd-463c-9ed9-819a571b9918","userId":1,"sessionId":null,"res":{"statusCode":200,"headers":{"x-powered-by":"Express","access-control-allow-origin":"*","x-debug-req":"6d4ab009-6ffe-47b7-a51a-322e90890f1a","content-type":"text/html; charset=utf-8","content-length":"60252","etag":"W/\"eb5c-YzN8x5BjP8YY7SGcK/oIU8Dmr4A\""}},"responseTime":20,"msg":"request completed"}
{"level":30,"time":1759212921812,"pid":86148,"hostname":"Viviannes-MacBook-Air.local","ts":"2025-09-30T06:15:21.812Z","reqId":"5700ac89-7cd5-4298-a915-c421280f3020","method":"GET","url":"/dashboard/payroll?factsMonth=2025-09&bonusDate=2025-09-30&employeeId=","status":304,"userId":1,"sessionId":null,"msg":"request_trace"}
{"level":30,"time":1759212921814,"pid":86148,"hostname":"Viviannes-MacBook-Air.local","req":{"id":"e35c6c44-ea55-4b31-8af6-2e56bcbf0436","method":"GET","url":"/dashboard/payroll?factsMonth=2025-09&bonusDate=2025-09-30&employeeId=","query":{"factsMonth":"2025-09","bonusDate":"2025-09-30","employeeId":""},"params":{},"headers":{"host":"127.0.0.1:4000","connection":"keep-alive","cache-control":"max-age=0","sec-ch-ua":"\"Chromium\";v=\"140\", \"Not=A?Brand\";v=\"24\", \"Google Chrome\";v=\"140\"","sec-ch-ua-mobile":"?0","sec-ch-ua-platform":"\"macOS\"","upgrade-insecure-requests":"1","user-agent":"Mozilla/5.0 (Macintosh; Intel Mac OS X 10_15_7) AppleWebKit/537.36 (KHTML, like Gecko) Chrome/140.0.0.0 Safari/537.36","accept":"text/html,application/xhtml+xml,application/xml;q=0.9,image/avif,image/webp,image/apng,*/*;q=0.8,application/signed-exchange;v=b3;q=0.7","sec-fetch-site":"same-origin","sec-fetch-mode":"navigate","sec-fetch-user":"?1","sec-fetch-dest":"document","referer":"http://127.0.0.1:4000/dashboard/payroll","accept-encoding":"gzip, deflate, br, zstd","accept-language":"en-US,en;q=0.9","cookie":"attendance_dashboard_token=eyJhbGciOiJIUzI1NiIsInR5cCI6IkpXVCJ9.eyJzdWIiOjEsInJvbGUiOiJhZG1pbiIsInNjb3BlIjoiZnVsbCIsInR5cCI6ImFjY2VzcyIsImlhdCI6MTc1OTE3Mjk0NywiZXhwIjoxNzU5MjE2MTQ3fQ.HPjapNdIVngmXiJUdnaDIWzrm8QDLj7_IELJgVUBZZM","if-none-match":"W/\"eb5c-YzN8x5BjP8YY7SGcK/oIU8Dmr4A\""},"remoteAddress":"::ffff:127.0.0.1","remotePort":64549},"reqId":"e35c6c44-ea55-4b31-8af6-2e56bcbf0436","userId":null,"sessionId":null,"reqId":"e35c6c44-ea55-4b31-8af6-2e56bcbf0436","userId":1,"sessionId":null,"res":{"statusCode":304,"headers":{"x-powered-by":"Express","access-control-allow-origin":"*","x-debug-req":"5700ac89-7cd5-4298-a915-c421280f3020","etag":"W/\"eb5c-YzN8x5BjP8YY7SGcK/oIU8Dmr4A\""}},"responseTime":72,"msg":"request completed"}
